2020-06-03 17:29:39,613 [DefaultMetadataResolver-0-0] INFO  o.e.m.c.i.e.AbstractTransferListenerAdapter - Downloaded https://repo.spring.io/milestone/org/springframework/boot/spring-boot-starter-parent/2.3.1.BUILD-SNAPSHOT/maven-metadata.xml
2020-06-03 17:29:39,613 [DefaultMetadataResolver-0-1] INFO  o.e.m.c.i.e.AbstractTransferListenerAdapter - Downloading https://repo.spring.io/snapshot/org/springframework/boot/spring-boot-starter-parent/2.3.1.BUILD-SNAPSHOT/maven-metadata.xml
2020-06-03 17:29:40,166 [DefaultMetadataResolver-0-1] INFO  o.e.m.c.i.e.AbstractTransferListenerAdapter - Downloaded https://repo.spring.io/snapshot/org/springframework/boot/spring-boot-starter-parent/2.3.1.BUILD-SNAPSHOT/maven-metadata.xml
2020-06-03 17:29:40,780 [Worker-48] INFO  o.e.m.c.i.e.AbstractTransferListenerAdapter - Downloading https://repo.spring.io/snapshot/org/springframework/boot/spring-boot-starter-parent/2.3.1.BUILD-SNAPSHOT/spring-boot-starter-parent-2.3.1.BUILD-20200603.111343-45.pom
2020-06-03 17:29:41,300 [Worker-48] INFO  o.e.m.c.i.e.AbstractTransferListenerAdapter - Downloaded https://repo.spring.io/snapshot/org/springframework/boot/spring-boot-starter-parent/2.3.1.BUILD-SNAPSHOT/spring-boot-starter-parent-2.3.1.BUILD-20200603.111343-45.pom
2020-06-03 17:29:41,718 [DefaultMetadataResolver-1-1] INFO  o.e.m.c.i.e.AbstractTransferListenerAdapter - Downloading https://repo.spring.io/snapshot/org/springframework/boot/spring-boot-dependencies/2.3.1.BUILD-SNAPSHOT/maven-metadata.xml
2020-06-03 17:29:42,213 [DefaultMetadataResolver-1-0] INFO  o.e.m.c.i.e.AbstractTransferListenerAdapter - Downloaded https://repo.spring.io/milestone/org/springframework/boot/spring-boot-dependencies/2.3.1.BUILD-SNAPSHOT/maven-metadata.xml
2020-06-03 17:29:42,287 [DefaultMetadataResolver-1-1] INFO  o.e.m.c.i.e.AbstractTransferListenerAdapter - Downloaded https://repo.spring.io/snapshot/org/springframework/boot/spring-boot-dependencies/2.3.1.BUILD-SNAPSHOT/maven-metadata.xml
2020-06-03 17:29:43,005 [Worker-48] INFO  o.e.m.c.i.e.AbstractTransferListenerAdapter - Downloading https://repo.spring.io/snapshot/org/springframework/boot/spring-boot-dependencies/2.3.1.BUILD-SNAPSHOT/spring-boot-dependencies-2.3.1.BUILD-20200603.111343-45.pom
2020-06-03 17:29:44,467 [Worker-48] INFO  o.e.m.c.i.e.AbstractTransferListenerAdapter - Downloaded https://repo.spring.io/snapshot/org/springframework/boot/spring-boot-dependencies/2.3.1.BUILD-SNAPSHOT/spring-boot-dependencies-2.3.1.BUILD-20200603.111343-45.pom
2020-06-03 17:29:44,912 [Worker-48] INFO  o.e.m.c.i.e.AbstractTransferListenerAdapter - Downloaded https://repo.spring.io/milestone/com/datastax/oss/java-driver-bom/4.6.1/java-driver-bom-4.6.1.pom
2020-06-03 17:29:45,900 [Worker-48] INFO  o.e.m.c.i.e.AbstractTransferListenerAdapter - Downloaded https://repo.spring.io/snapshot/com/datastax/oss/java-driver-bom/4.6.1/java-driver-bom-4.6.1.pom
2020-06-03 17:29:48,388 [Worker-48] INFO  o.e.m.c.i.e.AbstractTransferListenerAdapter - Downloading https://repo.maven.apache.org/maven2/com/datastax/oss/java-driver-bom/4.6.1/java-driver-bom-4.6.1.pom
2020-06-03 17:29:48,766 [Worker-48] INFO  o.e.m.c.i.e.AbstractTransferListenerAdapter - Downloaded https://repo.maven.apache.org/maven2/com/datastax/oss/java-driver-bom/4.6.1/java-driver-bom-4.6.1.pom
2020-06-03 17:29:49,788 [Worker-48] INFO  o.e.m.c.i.e.AbstractTransferListenerAdapter - Downloaded https://repo.spring.io/milestone/io/dropwizard/metrics/metrics-bom/4.1.7/metrics-bom-4.1.7.pom
2020-06-03 17:29:50,712 [Worker-48] INFO  o.e.m.c.i.e.AbstractTransferListenerAdapter - Downloaded https://repo.spring.io/snapshot/io/dropwizard/metrics/metrics-bom/4.1.7/metrics-bom-4.1.7.pom
2020-06-03 17:29:51,017 [Worker-48] INFO  o.e.m.c.i.e.AbstractTransferListenerAdapter - Downloading https://repo.maven.apache.org/maven2/io/dropwizard/metrics/metrics-bom/4.1.7/metrics-bom-4.1.7.pom
2020-06-03 17:29:51,332 [Worker-48] INFO  o.e.m.c.i.e.AbstractTransferListenerAdapter - Downloaded https://repo.maven.apache.org/maven2/io/dropwizard/metrics/metrics-bom/4.1.7/metrics-bom-4.1.7.pom
2020-06-03 17:29:52,350 [Worker-48] INFO  o.e.m.c.i.e.AbstractTransferListenerAdapter - Downloaded https://repo.spring.io/milestone/io/dropwizard/metrics/metrics-parent/4.1.7/metrics-parent-4.1.7.pom
2020-06-03 17:29:53,594 [Worker-48] INFO  o.e.m.c.i.e.AbstractTransferListenerAdapter - Downloaded https://repo.spring.io/snapshot/io/dropwizard/metrics/metrics-parent/4.1.7/metrics-parent-4.1.7.pom
2020-06-03 17:29:53,893 [Worker-48] INFO  o.e.m.c.i.e.AbstractTransferListenerAdapter - Downloading https://repo.maven.apache.org/maven2/io/dropwizard/metrics/metrics-parent/4.1.7/metrics-parent-4.1.7.pom
2020-06-03 17:29:54,578 [Worker-48] INFO  o.e.m.c.i.e.AbstractTransferListenerAdapter - Downloaded https://repo.maven.apache.org/maven2/io/dropwizard/metrics/metrics-parent/4.1.7/metrics-parent-4.1.7.pom
2020-06-03 17:29:55,832 [Worker-48] INFO  o.e.m.c.i.e.AbstractTransferListenerAdapter - Downloaded https://repo.spring.io/milestone/com/fasterxml/jackson/jackson-bom/2.11.0/jackson-bom-2.11.0.pom
2020-06-03 17:29:56,738 [Worker-48] INFO  o.e.m.c.i.e.AbstractTransferListenerAdapter - Downloaded https://repo.spring.io/snapshot/com/fasterxml/jackson/jackson-bom/2.11.0/jackson-bom-2.11.0.pom
2020-06-03 17:29:56,973 [Worker-48] INFO  o.e.m.c.i.e.AbstractTransferListenerAdapter - Downloading https://repo.maven.apache.org/maven2/com/fasterxml/jackson/jackson-bom/2.11.0/jackson-bom-2.11.0.pom
2020-06-03 17:29:57,296 [Worker-48] INFO  o.e.m.c.i.e.AbstractTransferListenerAdapter - Downloaded https://repo.maven.apache.org/maven2/com/fasterxml/jackson/jackson-bom/2.11.0/jackson-bom-2.11.0.pom
2020-06-03 17:29:58,185 [Worker-48] INFO  o.e.m.c.i.e.AbstractTransferListenerAdapter - Downloaded https://repo.spring.io/milestone/com/fasterxml/jackson/jackson-parent/2.11/jackson-parent-2.11.pom
2020-06-03 17:29:59,005 [Worker-48] INFO  o.e.m.c.i.e.AbstractTransferListenerAdapter - Downloaded https://repo.spring.io/snapshot/com/fasterxml/jackson/jackson-parent/2.11/jackson-parent-2.11.pom
2020-06-03 17:29:59,414 [Worker-48] INFO  o.e.m.c.i.e.AbstractTransferListenerAdapter - Downloading https://repo.maven.apache.org/maven2/com/fasterxml/jackson/jackson-parent/2.11/jackson-parent-2.11.pom
2020-06-03 17:30:00,036 [Worker-48] INFO  o.e.m.c.i.e.AbstractTransferListenerAdapter - Downloaded https://repo.maven.apache.org/maven2/com/fasterxml/jackson/jackson-parent/2.11/jackson-parent-2.11.pom
2020-06-03 17:30:00,977 [Worker-48] INFO  o.e.m.c.i.e.AbstractTransferListenerAdapter - Downloaded https://repo.spring.io/milestone/org/glassfish/jersey/jersey-bom/2.30.1/jersey-bom-2.30.1.pom
2020-06-03 17:30:01,935 [Worker-48] INFO  o.e.m.c.i.e.AbstractTransferListenerAdapter - Downloaded https://repo.spring.io/snapshot/org/glassfish/jersey/jersey-bom/2.30.1/jersey-bom-2.30.1.pom
2020-06-03 17:30:02,304 [Worker-48] INFO  o.e.m.c.i.e.AbstractTransferListenerAdapter - Downloading https://repo.maven.apache.org/maven2/org/glassfish/jersey/jersey-bom/2.30.1/jersey-bom-2.30.1.pom
2020-06-03 17:30:02,898 [Worker-48] INFO  o.e.m.c.i.e.AbstractTransferListenerAdapter - Downloaded https://repo.maven.apache.org/maven2/org/glassfish/jersey/jersey-bom/2.30.1/jersey-bom-2.30.1.pom
2020-06-03 17:30:03,920 [Worker-48] INFO  o.e.m.c.i.e.AbstractTransferListenerAdapter - Downloaded https://repo.spring.io/milestone/org/junit/junit-bom/5.6.2/junit-bom-5.6.2.pom
2020-06-03 17:30:04,944 [Worker-48] INFO  o.e.m.c.i.e.AbstractTransferListenerAdapter - Downloaded https://repo.spring.io/snapshot/org/junit/junit-bom/5.6.2/junit-bom-5.6.2.pom
2020-06-03 17:30:05,372 [Worker-48] INFO  o.e.m.c.i.e.AbstractTransferListenerAdapter - Downloading https://repo.maven.apache.org/maven2/org/junit/junit-bom/5.6.2/junit-bom-5.6.2.pom
2020-06-03 17:30:05,764 [Worker-48] INFO  o.e.m.c.i.e.AbstractTransferListenerAdapter - Downloaded https://repo.maven.apache.org/maven2/org/junit/junit-bom/5.6.2/junit-bom-5.6.2.pom
2020-06-03 17:30:06,792 [Worker-48] INFO  o.e.m.c.i.e.AbstractTransferListenerAdapter - Downloaded https://repo.spring.io/milestone/org/jetbrains/kotlinx/kotlinx-coroutines-bom/1.3.6/kotlinx-coroutines-bom-1.3.6.pom
2020-06-03 17:30:07,811 [Worker-48] INFO  o.e.m.c.i.e.AbstractTransferListenerAdapter - Downloaded https://repo.spring.io/snapshot/org/jetbrains/kotlinx/kotlinx-coroutines-bom/1.3.6/kotlinx-coroutines-bom-1.3.6.pom
2020-06-03 17:30:08,299 [Worker-48] INFO  o.e.m.c.i.e.AbstractTransferListenerAdapter - Downloading https://repo.maven.apache.org/maven2/org/jetbrains/kotlinx/kotlinx-coroutines-bom/1.3.6/kotlinx-coroutines-bom-1.3.6.pom
2020-06-03 17:30:08,631 [Worker-48] INFO  o.e.m.c.i.e.AbstractTransferListenerAdapter - Downloaded https://repo.maven.apache.org/maven2/org/jetbrains/kotlinx/kotlinx-coroutines-bom/1.3.6/kotlinx-coroutines-bom-1.3.6.pom
2020-06-03 17:30:09,539 [Worker-48] INFO  o.e.m.c.i.e.AbstractTransferListenerAdapter - Downloaded https://repo.spring.io/milestone/org/apache/logging/log4j/log4j-bom/2.13.2/log4j-bom-2.13.2.pom
2020-06-03 17:30:10,693 [Worker-48] INFO  o.e.m.c.i.e.AbstractTransferListenerAdapter - Downloaded https://repo.spring.io/snapshot/org/apache/logging/log4j/log4j-bom/2.13.2/log4j-bom-2.13.2.pom
2020-06-03 17:30:11,498 [Worker-48] INFO  o.e.m.c.i.e.AbstractTransferListenerAdapter - Downloading https://repo.maven.apache.org/maven2/org/apache/logging/log4j/log4j-bom/2.13.2/log4j-bom-2.13.2.pom
2020-06-03 17:30:11,772 [Worker-48] INFO  o.e.m.c.i.e.AbstractTransferListenerAdapter - Downloaded https://repo.maven.apache.org/maven2/org/apache/logging/log4j/log4j-bom/2.13.2/log4j-bom-2.13.2.pom
2020-06-03 17:30:12,740 [Worker-48] INFO  o.e.m.c.i.e.AbstractTransferListenerAdapter - Downloaded https://repo.spring.io/milestone/io/micrometer/micrometer-bom/1.5.1/micrometer-bom-1.5.1.pom
2020-06-03 17:30:13,750 [Worker-48] INFO  o.e.m.c.i.e.AbstractTransferListenerAdapter - Downloaded https://repo.spring.io/snapshot/io/micrometer/micrometer-bom/1.5.1/micrometer-bom-1.5.1.pom
2020-06-03 17:30:14,161 [Worker-48] INFO  o.e.m.c.i.e.AbstractTransferListenerAdapter - Downloading https://repo.maven.apache.org/maven2/io/micrometer/micrometer-bom/1.5.1/micrometer-bom-1.5.1.pom
2020-06-03 17:30:14,527 [Worker-48] INFO  o.e.m.c.i.e.AbstractTransferListenerAdapter - Downloaded https://repo.maven.apache.org/maven2/io/micrometer/micrometer-bom/1.5.1/micrometer-bom-1.5.1.pom
2020-06-03 17:30:15,389 [Worker-48] INFO  o.e.m.c.i.e.AbstractTransferListenerAdapter - Downloaded https://repo.spring.io/milestone/io/r2dbc/r2dbc-bom/Arabba-SR3/r2dbc-bom-Arabba-SR3.pom
2020-06-03 17:30:16,415 [Worker-48] INFO  o.e.m.c.i.e.AbstractTransferListenerAdapter - Downloaded https://repo.spring.io/snapshot/io/r2dbc/r2dbc-bom/Arabba-SR3/r2dbc-bom-Arabba-SR3.pom
2020-06-03 17:30:17,029 [Worker-48] INFO  o.e.m.c.i.e.AbstractTransferListenerAdapter - Downloading https://repo.maven.apache.org/maven2/io/r2dbc/r2dbc-bom/Arabba-SR3/r2dbc-bom-Arabba-SR3.pom
2020-06-03 17:30:17,643 [Worker-48] INFO  o.e.m.c.i.e.AbstractTransferListenerAdapter - Downloaded https://repo.maven.apache.org/maven2/io/r2dbc/r2dbc-bom/Arabba-SR3/r2dbc-bom-Arabba-SR3.pom
2020-06-03 17:30:18,667 [Worker-48] INFO  o.e.m.c.i.e.AbstractTransferListenerAdapter - Downloaded https://repo.spring.io/milestone/io/rsocket/rsocket-bom/1.0.0/rsocket-bom-1.0.0.pom
2020-06-03 17:30:19,896 [Worker-48] INFO  o.e.m.c.i.e.AbstractTransferListenerAdapter - Downloaded https://repo.spring.io/snapshot/io/rsocket/rsocket-bom/1.0.0/rsocket-bom-1.0.0.pom
2020-06-03 17:30:20,509 [Worker-48] INFO  o.e.m.c.i.e.AbstractTransferListenerAdapter - Downloading https://repo.maven.apache.org/maven2/io/rsocket/rsocket-bom/1.0.0/rsocket-bom-1.0.0.pom
2020-06-03 17:30:21,129 [Worker-48] INFO  o.e.m.c.i.e.AbstractTransferListenerAdapter - Downloaded https://repo.maven.apache.org/maven2/io/rsocket/rsocket-bom/1.0.0/rsocket-bom-1.0.0.pom
2020-06-03 17:30:22,148 [Worker-48] INFO  o.e.m.c.i.e.AbstractTransferListenerAdapter - Downloading https://repo.spring.io/milestone/org/springframework/data/spring-data-releasetrain/Neumann-RELEASE/spring-data-releasetrain-Neumann-RELEASE.pom
2020-06-03 17:30:22,766 [Worker-48] INFO  o.e.m.c.i.e.AbstractTransferListenerAdapter - Downloaded https://repo.spring.io/milestone/org/springframework/data/spring-data-releasetrain/Neumann-RELEASE/spring-data-releasetrain-Neumann-RELEASE.pom
2020-06-03 17:30:23,287 [Worker-48] INFO  o.e.m.c.i.e.AbstractTransferListenerAdapter - Downloading https://repo.spring.io/milestone/org/springframework/data/build/spring-data-build/2.3.0.RELEASE/spring-data-build-2.3.0.RELEASE.pom
2020-06-03 17:30:23,789 [Worker-48] INFO  o.e.m.c.i.e.AbstractTransferListenerAdapter - Downloaded https://repo.spring.io/milestone/org/springframework/data/build/spring-data-build/2.3.0.RELEASE/spring-data-build-2.3.0.RELEASE.pom
2020-06-03 17:30:24,402 [Worker-48] INFO  o.e.m.c.i.e.AbstractTransferListenerAdapter - Downloading https://repo.spring.io/milestone/org/springframework/integration/spring-integration-bom/5.3.0.RELEASE/spring-integration-bom-5.3.0.RELEASE.pom
2020-06-03 17:30:26,040 [Worker-48] INFO  o.e.m.c.i.e.AbstractTransferListenerAdapter - Downloaded https://repo.spring.io/milestone/org/springframework/integration/spring-integration-bom/5.3.0.RELEASE/spring-integration-bom-5.3.0.RELEASE.pom
2020-06-03 17:30:26,654 [Worker-48] INFO  o.e.m.c.i.e.AbstractTransferListenerAdapter - Downloading https://repo.spring.io/milestone/org/springframework/security/spring-security-bom/5.3.2.RELEASE/spring-security-bom-5.3.2.RELEASE.pom
2020-06-03 17:30:27,270 [Worker-48] INFO  o.e.m.c.i.e.AbstractTransferListenerAdapter - Downloaded https://repo.spring.io/milestone/org/springframework/security/spring-security-bom/5.3.2.RELEASE/spring-security-bom-5.3.2.RELEASE.pom
2020-06-03 17:30:27,883 [Worker-48] INFO  o.e.m.c.i.e.AbstractTransferListenerAdapter - Downloading https://repo.spring.io/milestone/org/springframework/session/spring-session-bom/Dragonfruit-RELEASE/spring-session-bom-Dragonfruit-RELEASE.pom
2020-06-03 17:30:28,491 [Worker-48] INFO  o.e.m.c.i.e.AbstractTransferListenerAdapter - Downloaded https://repo.spring.io/milestone/org/springframework/session/spring-session-bom/Dragonfruit-RELEASE/spring-session-bom-Dragonfruit-RELEASE.pom
2020-06-03 17:30:29,362 [DefaultMetadataResolver-2-1] INFO  o.e.m.c.i.e.AbstractTransferListenerAdapter - Downloading https://repo.spring.io/snapshot/org/springframework/boot/spring-boot-maven-plugin/2.3.1.BUILD-SNAPSHOT/maven-metadata.xml
2020-06-03 17:30:29,727 [DefaultMetadataResolver-2-0] INFO  o.e.m.c.i.e.AbstractTransferListenerAdapter - Downloaded https://repo.spring.io/milestone/org/springframework/boot/spring-boot-maven-plugin/2.3.1.BUILD-SNAPSHOT/maven-metadata.xml
2020-06-03 17:30:29,792 [DefaultMetadataResolver-2-1] INFO  o.e.m.c.i.e.AbstractTransferListenerAdapter - Downloaded https://repo.spring.io/snapshot/org/springframework/boot/spring-boot-maven-plugin/2.3.1.BUILD-SNAPSHOT/maven-metadata.xml
2020-06-03 17:30:30,382 [Worker-48] INFO  o.e.m.c.i.e.AbstractTransferListenerAdapter - Downloaded https://repo.spring.io/milestone/org/springframework/boot/spring-boot-maven-plugin/2.3.1.BUILD-SNAPSHOT/spring-boot-maven-plugin-2.3.1.BUILD-20200603.111343-45.pom
2020-06-03 17:30:31,393 [Worker-48] INFO  o.e.m.c.i.e.AbstractTransferListenerAdapter - Downloading https://repo.spring.io/snapshot/org/springframework/boot/spring-boot-maven-plugin/2.3.1.BUILD-SNAPSHOT/spring-boot-maven-plugin-2.3.1.BUILD-20200603.111343-45.pom
2020-06-03 17:30:31,995 [Worker-48] INFO  o.e.m.c.i.e.AbstractTransferListenerAdapter - Downloaded https://repo.spring.io/snapshot/org/springframework/boot/spring-boot-maven-plugin/2.3.1.BUILD-SNAPSHOT/spring-boot-maven-plugin-2.3.1.BUILD-20200603.111343-45.pom
2020-06-03 17:30:32,388 [DefaultMetadataResolver-3-0] INFO  o.e.m.c.i.e.AbstractTransferListenerAdapter - Downloaded https://repo.spring.io/milestone/org/springframework/boot/spring-boot-parent/2.3.1.BUILD-SNAPSHOT/maven-metadata.xml
2020-06-03 17:30:33,002 [DefaultMetadataResolver-3-1] INFO  o.e.m.c.i.e.AbstractTransferListenerAdapter - Downloading https://repo.spring.io/snapshot/org/springframework/boot/spring-boot-parent/2.3.1.BUILD-SNAPSHOT/maven-metadata.xml
2020-06-03 17:30:33,628 [DefaultMetadataResolver-3-1] INFO  o.e.m.c.i.e.AbstractTransferListenerAdapter - Downloaded https://repo.spring.io/snapshot/org/springframework/boot/spring-boot-parent/2.3.1.BUILD-SNAPSHOT/maven-metadata.xml
2020-06-03 17:30:34,233 [Worker-48] INFO  o.e.m.c.i.e.AbstractTransferListenerAdapter - Downloading https://repo.spring.io/snapshot/org/springframework/boot/spring-boot-parent/2.3.1.BUILD-SNAPSHOT/spring-boot-parent-2.3.1.BUILD-20200603.111343-45.pom
2020-06-03 17:30:34,850 [Worker-48] INFO  o.e.m.c.i.e.AbstractTransferListenerAdapter - Downloaded https://repo.spring.io/snapshot/org/springframework/boot/spring-boot-parent/2.3.1.BUILD-SNAPSHOT/spring-boot-parent-2.3.1.BUILD-20200603.111343-45.pom
2020-06-03 17:30:35,664 [Worker-48] INFO  o.e.m.c.i.e.AbstractTransferListenerAdapter - Downloaded https://repo.spring.io/milestone/org/testcontainers/testcontainers-bom/1.14.2/testcontainers-bom-1.14.2.pom
2020-06-03 17:30:36,895 [Worker-48] INFO  o.e.m.c.i.e.AbstractTransferListenerAdapter - Downloaded https://repo.spring.io/snapshot/org/testcontainers/testcontainers-bom/1.14.2/testcontainers-bom-1.14.2.pom
2020-06-03 17:30:37,475 [Worker-48] INFO  o.e.m.c.i.e.AbstractTransferListenerAdapter - Downloading https://repo.maven.apache.org/maven2/org/testcontainers/testcontainers-bom/1.14.2/testcontainers-bom-1.14.2.pom
2020-06-03 17:30:37,734 [Worker-48] INFO  o.e.m.c.i.e.AbstractTransferListenerAdapter - Downloaded https://repo.maven.apache.org/maven2/org/testcontainers/testcontainers-bom/1.14.2/testcontainers-bom-1.14.2.pom
2020-06-03 17:30:38,559 [Worker-48] INFO  o.e.m.c.i.e.AbstractTransferListenerAdapter - Downloading https://repo.spring.io/snapshot/org/springframework/boot/spring-boot-maven-plugin/2.3.1.BUILD-SNAPSHOT/spring-boot-maven-plugin-2.3.1.BUILD-20200603.111343-45.jar
2020-06-03 17:30:39,793 [Worker-48] INFO  o.e.m.c.i.e.AbstractTransferListenerAdapter - Downloaded https://repo.spring.io/snapshot/org/springframework/boot/spring-boot-maven-plugin/2.3.1.BUILD-SNAPSHOT/spring-boot-maven-plugin-2.3.1.BUILD-20200603.111343-45.jar
2020-06-03 17:30:41,008 [Worker-48] INFO  o.e.m.c.i.e.AbstractTransferListenerAdapter - Downloaded https://repo.spring.io/milestone/org/apache/maven/plugins/maven-jar-plugin/3.2.0/maven-jar-plugin-3.2.0.jar
2020-06-03 17:30:42,013 [Worker-48] INFO  o.e.m.c.i.e.AbstractTransferListenerAdapter - Downloaded https://repo.spring.io/snapshot/org/apache/maven/plugins/maven-jar-plugin/3.2.0/maven-jar-plugin-3.2.0.jar
2020-06-03 17:30:42,525 [Worker-48] INFO  o.e.m.c.i.e.AbstractTransferListenerAdapter - Downloading https://repo.maven.apache.org/maven2/org/apache/maven/plugins/maven-jar-plugin/3.2.0/maven-jar-plugin-3.2.0.jar
2020-06-03 17:30:43,038 [Worker-48] INFO  o.e.m.c.i.e.AbstractTransferListenerAdapter - Downloaded https://repo.maven.apache.org/maven2/org/apache/maven/plugins/maven-jar-plugin/3.2.0/maven-jar-plugin-3.2.0.jar
2020-06-03 17:30:43,540 [Worker-48] INFO  o.e.m.c.i.l.LifecycleMappingFactory - Using org.eclipse.m2e.jdt.JarLifecycleMapping lifecycle mapping for MavenProject: com.enrichai.iot:backendai:0.0.1-SNAPSHOT @ /Users/astislam/Documents/enrichAI/backendai/pom.xml.
2020-06-03 17:30:44,734 [DefaultMetadataResolver-4-0] INFO  o.e.m.c.i.e.AbstractTransferListenerAdapter - Downloaded https://repo.spring.io/milestone/org/springframework/boot/spring-boot-starter-web/2.3.1.BUILD-SNAPSHOT/maven-metadata.xml
2020-06-03 17:30:44,754 [DefaultMetadataResolver-4-1] INFO  o.e.m.c.i.e.AbstractTransferListenerAdapter - Downloading https://repo.spring.io/snapshot/org/springframework/boot/spring-boot-starter-web/2.3.1.BUILD-SNAPSHOT/maven-metadata.xml
2020-06-03 17:30:45,294 [DefaultMetadataResolver-4-1] INFO  o.e.m.c.i.e.AbstractTransferListenerAdapter - Downloaded https://repo.spring.io/snapshot/org/springframework/boot/spring-boot-starter-web/2.3.1.BUILD-SNAPSHOT/maven-metadata.xml
2020-06-03 17:30:45,904 [Worker-48] INFO  o.e.m.c.i.e.AbstractTransferListenerAdapter - Downloaded https://repo.spring.io/milestone/org/springframework/boot/spring-boot-starter-web/2.3.1.BUILD-SNAPSHOT/spring-boot-starter-web-2.3.1.BUILD-20200603.111343-45.pom
2020-06-03 17:30:46,931 [Worker-48] INFO  o.e.m.c.i.e.AbstractTransferListenerAdapter - Downloading https://repo.spring.io/snapshot/org/springframework/boot/spring-boot-starter-web/2.3.1.BUILD-SNAPSHOT/spring-boot-starter-web-2.3.1.BUILD-20200603.111343-45.pom
2020-06-03 17:30:47,526 [Worker-48] INFO  o.e.m.c.i.e.AbstractTransferListenerAdapter - Downloaded https://repo.spring.io/snapshot/org/springframework/boot/spring-boot-starter-web/2.3.1.BUILD-SNAPSHOT/spring-boot-starter-web-2.3.1.BUILD-20200603.111343-45.pom
2020-06-03 17:30:47,933 [DefaultMetadataResolver-5-0] INFO  o.e.m.c.i.e.AbstractTransferListenerAdapter - Downloaded https://repo.spring.io/milestone/org/springframework/boot/spring-boot-starter/2.3.1.BUILD-SNAPSHOT/maven-metadata.xml
2020-06-03 17:30:48,792 [DefaultMetadataResolver-5-1] INFO  o.e.m.c.i.e.AbstractTransferListenerAdapter - Downloading https://repo.spring.io/snapshot/org/springframework/boot/spring-boot-starter/2.3.1.BUILD-SNAPSHOT/maven-metadata.xml
2020-06-03 17:30:49,341 [DefaultMetadataResolver-5-1] INFO  o.e.m.c.i.e.AbstractTransferListenerAdapter - Downloaded https://repo.spring.io/snapshot/org/springframework/boot/spring-boot-starter/2.3.1.BUILD-SNAPSHOT/maven-metadata.xml
2020-06-03 17:30:49,909 [Worker-48] INFO  o.e.m.c.i.e.AbstractTransferListenerAdapter - Downloaded https://repo.spring.io/milestone/org/springframework/boot/spring-boot-starter/2.3.1.BUILD-SNAPSHOT/spring-boot-starter-2.3.1.BUILD-20200603.111343-45.pom
2020-06-03 17:30:51,026 [Worker-48] INFO  o.e.m.c.i.e.AbstractTransferListenerAdapter - Downloading https://repo.spring.io/snapshot/org/springframework/boot/spring-boot-starter/2.3.1.BUILD-SNAPSHOT/spring-boot-starter-2.3.1.BUILD-20200603.111343-45.pom
2020-06-03 17:30:51,641 [Worker-48] INFO  o.e.m.c.i.e.AbstractTransferListenerAdapter - Downloaded https://repo.spring.io/snapshot/org/springframework/boot/spring-boot-starter/2.3.1.BUILD-SNAPSHOT/spring-boot-starter-2.3.1.BUILD-20200603.111343-45.pom
2020-06-03 17:30:52,056 [DefaultMetadataResolver-6-0] INFO  o.e.m.c.i.e.AbstractTransferListenerAdapter - Downloaded https://repo.spring.io/milestone/org/springframework/boot/spring-boot/2.3.1.BUILD-SNAPSHOT/maven-metadata.xml
2020-06-03 17:30:52,458 [DefaultMetadataResolver-6-1] INFO  o.e.m.c.i.e.AbstractTransferListenerAdapter - Downloading https://repo.spring.io/snapshot/org/springframework/boot/spring-boot/2.3.1.BUILD-SNAPSHOT/maven-metadata.xml
2020-06-03 17:30:53,292 [DefaultMetadataResolver-6-1] INFO  o.e.m.c.i.e.AbstractTransferListenerAdapter - Downloaded https://repo.spring.io/snapshot/org/springframework/boot/spring-boot/2.3.1.BUILD-SNAPSHOT/maven-metadata.xml
2020-06-03 17:30:54,007 [Worker-48] INFO  o.e.m.c.i.e.AbstractTransferListenerAdapter - Downloaded https://repo.spring.io/milestone/org/springframework/boot/spring-boot/2.3.1.BUILD-SNAPSHOT/spring-boot-2.3.1.BUILD-20200603.111343-45.pom
2020-06-03 17:30:55,122 [Worker-48] INFO  o.e.m.c.i.e.AbstractTransferListenerAdapter - Downloading https://repo.spring.io/snapshot/org/springframework/boot/spring-boot/2.3.1.BUILD-SNAPSHOT/spring-boot-2.3.1.BUILD-20200603.111343-45.pom
2020-06-03 17:30:55,737 [Worker-48] INFO  o.e.m.c.i.e.AbstractTransferListenerAdapter - Downloaded https://repo.spring.io/snapshot/org/springframework/boot/spring-boot/2.3.1.BUILD-SNAPSHOT/spring-boot-2.3.1.BUILD-20200603.111343-45.pom
2020-06-03 17:30:56,197 [DefaultMetadataResolver-7-1] INFO  o.e.m.c.i.e.AbstractTransferListenerAdapter - Downloading https://repo.spring.io/snapshot/org/springframework/boot/spring-boot-autoconfigure/2.3.1.BUILD-SNAPSHOT/maven-metadata.xml
2020-06-03 17:30:56,759 [DefaultMetadataResolver-7-0] INFO  o.e.m.c.i.e.AbstractTransferListenerAdapter - Downloaded https://repo.spring.io/milestone/org/springframework/boot/spring-boot-autoconfigure/2.3.1.BUILD-SNAPSHOT/maven-metadata.xml
2020-06-03 17:30:56,764 [DefaultMetadataResolver-7-1] INFO  o.e.m.c.i.e.AbstractTransferListenerAdapter - Downloaded https://repo.spring.io/snapshot/org/springframework/boot/spring-boot-autoconfigure/2.3.1.BUILD-SNAPSHOT/maven-metadata.xml
2020-06-03 17:30:58,106 [Worker-48] INFO  o.e.m.c.i.e.AbstractTransferListenerAdapter - Downloaded https://repo.spring.io/milestone/org/springframework/boot/spring-boot-autoconfigure/2.3.1.BUILD-SNAPSHOT/spring-boot-autoconfigure-2.3.1.BUILD-20200603.111343-45.pom
2020-06-03 17:30:59,216 [Worker-48] INFO  o.e.m.c.i.e.AbstractTransferListenerAdapter - Downloading https://repo.spring.io/snapshot/org/springframework/boot/spring-boot-autoconfigure/2.3.1.BUILD-SNAPSHOT/spring-boot-autoconfigure-2.3.1.BUILD-20200603.111343-45.pom
2020-06-03 17:30:59,833 [Worker-48] INFO  o.e.m.c.i.e.AbstractTransferListenerAdapter - Downloaded https://repo.spring.io/snapshot/org/springframework/boot/spring-boot-autoconfigure/2.3.1.BUILD-SNAPSHOT/spring-boot-autoconfigure-2.3.1.BUILD-20200603.111343-45.pom
2020-06-03 17:31:00,244 [DefaultMetadataResolver-8-0] INFO  o.e.m.c.i.e.AbstractTransferListenerAdapter - Downloaded https://repo.spring.io/milestone/org/springframework/boot/spring-boot-starter-logging/2.3.1.BUILD-SNAPSHOT/maven-metadata.xml
2020-06-03 17:31:00,857 [DefaultMetadataResolver-8-1] INFO  o.e.m.c.i.e.AbstractTransferListenerAdapter - Downloading https://repo.spring.io/snapshot/org/springframework/boot/spring-boot-starter-logging/2.3.1.BUILD-SNAPSHOT/maven-metadata.xml
2020-06-03 17:31:01,470 [DefaultMetadataResolver-8-1] INFO  o.e.m.c.i.e.AbstractTransferListenerAdapter - Downloaded https://repo.spring.io/snapshot/org/springframework/boot/spring-boot-starter-logging/2.3.1.BUILD-SNAPSHOT/maven-metadata.xml
2020-06-03 17:31:02,086 [Worker-48] INFO  o.e.m.c.i.e.AbstractTransferListenerAdapter - Downloaded https://repo.spring.io/milestone/org/springframework/boot/spring-boot-starter-logging/2.3.1.BUILD-SNAPSHOT/spring-boot-starter-logging-2.3.1.BUILD-20200603.111343-45.pom
2020-06-03 17:31:02,776 [Worker-48] INFO  o.e.m.c.i.e.AbstractTransferListenerAdapter - Downloading https://repo.spring.io/snapshot/org/springframework/boot/spring-boot-starter-logging/2.3.1.BUILD-SNAPSHOT/spring-boot-starter-logging-2.3.1.BUILD-20200603.111343-45.pom
2020-06-03 17:31:03,621 [Worker-48] INFO  o.e.m.c.i.e.AbstractTransferListenerAdapter - Downloaded https://repo.spring.io/snapshot/org/springframework/boot/spring-boot-starter-logging/2.3.1.BUILD-SNAPSHOT/spring-boot-starter-logging-2.3.1.BUILD-20200603.111343-45.pom
2020-06-03 17:31:04,259 [Worker-48] INFO  o.e.m.c.i.e.AbstractTransferListenerAdapter - Downloaded https://repo.spring.io/milestone/org/apache/logging/log4j/log4j-to-slf4j/2.13.2/log4j-to-slf4j-2.13.2.pom
2020-06-03 17:31:05,016 [Worker-48] INFO  o.e.m.c.i.e.AbstractTransferListenerAdapter - Downloaded https://repo.spring.io/snapshot/org/apache/logging/log4j/log4j-to-slf4j/2.13.2/log4j-to-slf4j-2.13.2.pom
2020-06-03 17:31:05,592 [Worker-48] INFO  o.e.m.c.i.e.AbstractTransferListenerAdapter - Downloading https://repo.maven.apache.org/maven2/org/apache/logging/log4j/log4j-to-slf4j/2.13.2/log4j-to-slf4j-2.13.2.pom
2020-06-03 17:31:05,977 [Worker-48] INFO  o.e.m.c.i.e.AbstractTransferListenerAdapter - Downloaded https://repo.maven.apache.org/maven2/org/apache/logging/log4j/log4j-to-slf4j/2.13.2/log4j-to-slf4j-2.13.2.pom
2020-06-03 17:31:07,204 [Worker-48] INFO  o.e.m.c.i.e.AbstractTransferListenerAdapter - Downloaded https://repo.spring.io/milestone/org/apache/logging/log4j/log4j/2.13.2/log4j-2.13.2.pom
2020-06-03 17:31:08,229 [Worker-48] INFO  o.e.m.c.i.e.AbstractTransferListenerAdapter - Downloaded https://repo.spring.io/snapshot/org/apache/logging/log4j/log4j/2.13.2/log4j-2.13.2.pom
2020-06-03 17:31:08,545 [Worker-48] INFO  o.e.m.c.i.e.AbstractTransferListenerAdapter - Downloading https://repo.maven.apache.org/maven2/org/apache/logging/log4j/log4j/2.13.2/log4j-2.13.2.pom
2020-06-03 17:31:09,460 [Worker-48] INFO  o.e.m.c.i.e.AbstractTransferListenerAdapter - Downloaded https://repo.maven.apache.org/maven2/org/apache/logging/log4j/log4j/2.13.2/log4j-2.13.2.pom
2020-06-03 17:31:10,282 [Worker-48] INFO  o.e.m.c.i.e.AbstractTransferListenerAdapter - Downloaded https://repo.spring.io/milestone/org/apache/logging/log4j/log4j-api/2.13.2/log4j-api-2.13.2.pom
2020-06-03 17:31:11,505 [Worker-48] INFO  o.e.m.c.i.e.AbstractTransferListenerAdapter - Downloaded https://repo.spring.io/snapshot/org/apache/logging/log4j/log4j-api/2.13.2/log4j-api-2.13.2.pom
2020-06-03 17:31:12,121 [Worker-48] INFO  o.e.m.c.i.e.AbstractTransferListenerAdapter - Downloading https://repo.maven.apache.org/maven2/org/apache/logging/log4j/log4j-api/2.13.2/log4j-api-2.13.2.pom
2020-06-03 17:31:12,736 [Worker-48] INFO  o.e.m.c.i.e.AbstractTransferListenerAdapter - Downloaded https://repo.maven.apache.org/maven2/org/apache/logging/log4j/log4j-api/2.13.2/log4j-api-2.13.2.pom
2020-06-03 17:31:13,758 [Worker-48] INFO  o.e.m.c.i.e.AbstractTransferListenerAdapter - Downloaded https://repo.spring.io/milestone/org/yaml/snakeyaml/1.26/snakeyaml-1.26.pom
2020-06-03 17:31:14,837 [Worker-48] INFO  o.e.m.c.i.e.AbstractTransferListenerAdapter - Downloaded https://repo.spring.io/snapshot/org/yaml/snakeyaml/1.26/snakeyaml-1.26.pom
2020-06-03 17:31:15,078 [Worker-48] INFO  o.e.m.c.i.e.AbstractTransferListenerAdapter - Downloading https://repo.maven.apache.org/maven2/org/yaml/snakeyaml/1.26/snakeyaml-1.26.pom
2020-06-03 17:31:15,549 [Worker-48] INFO  o.e.m.c.i.e.AbstractTransferListenerAdapter - Downloaded https://repo.maven.apache.org/maven2/org/yaml/snakeyaml/1.26/snakeyaml-1.26.pom
2020-06-03 17:31:16,625 [DefaultMetadataResolver-9-0] INFO  o.e.m.c.i.e.AbstractTransferListenerAdapter - Downloaded https://repo.spring.io/milestone/org/springframework/boot/spring-boot-starter-json/2.3.1.BUILD-SNAPSHOT/maven-metadata.xml
2020-06-03 17:31:16,687 [DefaultMetadataResolver-9-1] INFO  o.e.m.c.i.e.AbstractTransferListenerAdapter - Downloading https://repo.spring.io/snapshot/org/springframework/boot/spring-boot-starter-json/2.3.1.BUILD-SNAPSHOT/maven-metadata.xml
2020-06-03 17:31:17,241 [DefaultMetadataResolver-9-1] INFO  o.e.m.c.i.e.AbstractTransferListenerAdapter - Downloaded https://repo.spring.io/snapshot/org/springframework/boot/spring-boot-starter-json/2.3.1.BUILD-SNAPSHOT/maven-metadata.xml
2020-06-03 17:31:17,680 [Worker-48] INFO  o.e.m.c.i.e.AbstractTransferListenerAdapter - Downloaded https://repo.spring.io/milestone/org/springframework/boot/spring-boot-starter-json/2.3.1.BUILD-SNAPSHOT/spring-boot-starter-json-2.3.1.BUILD-20200603.111343-45.pom
2020-06-03 17:31:18,950 [Worker-48] INFO  o.e.m.c.i.e.AbstractTransferListenerAdapter - Downloading https://repo.spring.io/snapshot/org/springframework/boot/spring-boot-starter-json/2.3.1.BUILD-SNAPSHOT/spring-boot-starter-json-2.3.1.BUILD-20200603.111343-45.pom
2020-06-03 17:31:19,619 [Worker-48] INFO  o.e.m.c.i.e.AbstractTransferListenerAdapter - Downloaded https://repo.spring.io/snapshot/org/springframework/boot/spring-boot-starter-json/2.3.1.BUILD-SNAPSHOT/spring-boot-starter-json-2.3.1.BUILD-20200603.111343-45.pom
2020-06-03 17:31:20,086 [Worker-48] INFO  o.e.m.c.i.e.AbstractTransferListenerAdapter - Downloaded https://repo.spring.io/milestone/com/fasterxml/jackson/core/jackson-databind/2.11.0/jackson-databind-2.11.0.pom
2020-06-03 17:31:20,927 [Worker-48] INFO  o.e.m.c.i.e.AbstractTransferListenerAdapter - Downloaded https://repo.spring.io/snapshot/com/fasterxml/jackson/core/jackson-databind/2.11.0/jackson-databind-2.11.0.pom
2020-06-03 17:31:21,338 [Worker-48] INFO  o.e.m.c.i.e.AbstractTransferListenerAdapter - Downloading https://repo.maven.apache.org/maven2/com/fasterxml/jackson/core/jackson-databind/2.11.0/jackson-databind-2.11.0.pom
2020-06-03 17:31:21,747 [Worker-48] INFO  o.e.m.c.i.e.AbstractTransferListenerAdapter - Downloaded https://repo.maven.apache.org/maven2/com/fasterxml/jackson/core/jackson-databind/2.11.0/jackson-databind-2.11.0.pom
2020-06-03 17:31:22,558 [Worker-48] INFO  o.e.m.c.i.e.AbstractTransferListenerAdapter - Downloaded https://repo.spring.io/milestone/com/fasterxml/jackson/jackson-base/2.11.0/jackson-base-2.11.0.pom
2020-06-03 17:31:23,504 [Worker-48] INFO  o.e.m.c.i.e.AbstractTransferListenerAdapter - Downloaded https://repo.spring.io/snapshot/com/fasterxml/jackson/jackson-base/2.11.0/jackson-base-2.11.0.pom
2020-06-03 17:31:23,737 [Worker-48] INFO  o.e.m.c.i.e.AbstractTransferListenerAdapter - Downloading https://repo.maven.apache.org/maven2/com/fasterxml/jackson/jackson-base/2.11.0/jackson-base-2.11.0.pom
2020-06-03 17:31:24,205 [Worker-48] INFO  o.e.m.c.i.e.AbstractTransferListenerAdapter - Downloaded https://repo.maven.apache.org/maven2/com/fasterxml/jackson/jackson-base/2.11.0/jackson-base-2.11.0.pom
2020-06-03 17:31:25,228 [Worker-48] INFO  o.e.m.c.i.e.AbstractTransferListenerAdapter - Downloaded https://repo.spring.io/milestone/com/fasterxml/jackson/core/jackson-annotations/2.11.0/jackson-annotations-2.11.0.pom
2020-06-03 17:31:26,458 [Worker-48] INFO  o.e.m.c.i.e.AbstractTransferListenerAdapter - Downloaded https://repo.spring.io/snapshot/com/fasterxml/jackson/core/jackson-annotations/2.11.0/jackson-annotations-2.11.0.pom
2020-06-03 17:31:27,072 [Worker-48] INFO  o.e.m.c.i.e.AbstractTransferListenerAdapter - Downloading https://repo.maven.apache.org/maven2/com/fasterxml/jackson/core/jackson-annotations/2.11.0/jackson-annotations-2.11.0.pom
2020-06-03 17:31:27,709 [Worker-48] INFO  o.e.m.c.i.e.AbstractTransferListenerAdapter - Downloaded https://repo.maven.apache.org/maven2/com/fasterxml/jackson/core/jackson-annotations/2.11.0/jackson-annotations-2.11.0.pom
2020-06-03 17:31:28,712 [Worker-48] INFO  o.e.m.c.i.e.AbstractTransferListenerAdapter - Downloaded https://repo.spring.io/milestone/com/fasterxml/jackson/core/jackson-core/2.11.0/jackson-core-2.11.0.pom
2020-06-03 17:31:29,735 [Worker-48] INFO  o.e.m.c.i.e.AbstractTransferListenerAdapter - Downloaded https://repo.spring.io/snapshot/com/fasterxml/jackson/core/jackson-core/2.11.0/jackson-core-2.11.0.pom
2020-06-03 17:31:30,349 [Worker-48] INFO  o.e.m.c.i.e.AbstractTransferListenerAdapter - Downloading https://repo.maven.apache.org/maven2/com/fasterxml/jackson/core/jackson-core/2.11.0/jackson-core-2.11.0.pom
2020-06-03 17:31:30,938 [Worker-48] INFO  o.e.m.c.i.e.AbstractTransferListenerAdapter - Downloaded https://repo.maven.apache.org/maven2/com/fasterxml/jackson/core/jackson-core/2.11.0/jackson-core-2.11.0.pom
2020-06-03 17:31:31,994 [Worker-48] INFO  o.e.m.c.i.e.AbstractTransferListenerAdapter - Downloaded https://repo.spring.io/milestone/com/fasterxml/jackson/datatype/jackson-datatype-jdk8/2.11.0/jackson-datatype-jdk8-2.11.0.pom
2020-06-03 17:31:33,217 [Worker-48] INFO  o.e.m.c.i.e.AbstractTransferListenerAdapter - Downloaded https://repo.spring.io/snapshot/com/fasterxml/jackson/datatype/jackson-datatype-jdk8/2.11.0/jackson-datatype-jdk8-2.11.0.pom
2020-06-03 17:31:33,831 [Worker-48] INFO  o.e.m.c.i.e.AbstractTransferListenerAdapter - Downloading https://repo.maven.apache.org/maven2/com/fasterxml/jackson/datatype/jackson-datatype-jdk8/2.11.0/jackson-datatype-jdk8-2.11.0.pom
2020-06-03 17:31:34,454 [Worker-48] INFO  o.e.m.c.i.e.AbstractTransferListenerAdapter - Downloaded https://repo.maven.apache.org/maven2/com/fasterxml/jackson/datatype/jackson-datatype-jdk8/2.11.0/jackson-datatype-jdk8-2.11.0.pom
2020-06-03 17:31:35,472 [Worker-48] INFO  o.e.m.c.i.e.AbstractTransferListenerAdapter - Downloaded https://repo.spring.io/milestone/com/fasterxml/jackson/module/jackson-modules-java8/2.11.0/jackson-modules-java8-2.11.0.pom
2020-06-03 17:31:36,629 [Worker-48] INFO  o.e.m.c.i.e.AbstractTransferListenerAdapter - Downloaded https://repo.spring.io/snapshot/com/fasterxml/jackson/module/jackson-modules-java8/2.11.0/jackson-modules-java8-2.11.0.pom
2020-06-03 17:31:37,116 [Worker-48] INFO  o.e.m.c.i.e.AbstractTransferListenerAdapter - Downloading https://repo.maven.apache.org/maven2/com/fasterxml/jackson/module/jackson-modules-java8/2.11.0/jackson-modules-java8-2.11.0.pom
2020-06-03 17:31:37,730 [Worker-48] INFO  o.e.m.c.i.e.AbstractTransferListenerAdapter - Downloaded https://repo.maven.apache.org/maven2/com/fasterxml/jackson/module/jackson-modules-java8/2.11.0/jackson-modules-java8-2.11.0.pom
2020-06-03 17:31:38,542 [Worker-48] INFO  o.e.m.c.i.e.AbstractTransferListenerAdapter - Downloaded https://repo.spring.io/milestone/com/fasterxml/jackson/datatype/jackson-datatype-jsr310/2.11.0/jackson-datatype-jsr310-2.11.0.pom
2020-06-03 17:31:39,566 [Worker-48] INFO  o.e.m.c.i.e.AbstractTransferListenerAdapter - Downloaded https://repo.spring.io/snapshot/com/fasterxml/jackson/datatype/jackson-datatype-jsr310/2.11.0/jackson-datatype-jsr310-2.11.0.pom
2020-06-03 17:31:40,181 [Worker-48] INFO  o.e.m.c.i.e.AbstractTransferListenerAdapter - Downloading https://repo.maven.apache.org/maven2/com/fasterxml/jackson/datatype/jackson-datatype-jsr310/2.11.0/jackson-datatype-jsr310-2.11.0.pom
2020-06-03 17:31:40,488 [Worker-48] INFO  o.e.m.c.i.e.AbstractTransferListenerAdapter - Downloaded https://repo.maven.apache.org/maven2/com/fasterxml/jackson/datatype/jackson-datatype-jsr310/2.11.0/jackson-datatype-jsr310-2.11.0.pom
2020-06-03 17:31:41,410 [Worker-48] INFO  o.e.m.c.i.e.AbstractTransferListenerAdapter - Downloaded https://repo.spring.io/milestone/com/fasterxml/jackson/module/jackson-module-parameter-names/2.11.0/jackson-module-parameter-names-2.11.0.pom
2020-06-03 17:31:42,434 [Worker-48] INFO  o.e.m.c.i.e.AbstractTransferListenerAdapter - Downloaded https://repo.spring.io/snapshot/com/fasterxml/jackson/module/jackson-module-parameter-names/2.11.0/jackson-module-parameter-names-2.11.0.pom
2020-06-03 17:31:43,048 [Worker-48] INFO  o.e.m.c.i.e.AbstractTransferListenerAdapter - Downloading https://repo.maven.apache.org/maven2/com/fasterxml/jackson/module/jackson-module-parameter-names/2.11.0/jackson-module-parameter-names-2.11.0.pom
2020-06-03 17:31:43,356 [Worker-48] INFO  o.e.m.c.i.e.AbstractTransferListenerAdapter - Downloaded https://repo.maven.apache.org/maven2/com/fasterxml/jackson/module/jackson-module-parameter-names/2.11.0/jackson-module-parameter-names-2.11.0.pom
2020-06-03 17:31:44,042 [DefaultMetadataResolver-10-0] INFO  o.e.m.c.i.e.AbstractTransferListenerAdapter - Downloaded https://repo.spring.io/milestone/org/springframework/boot/spring-boot-starter-tomcat/2.3.1.BUILD-SNAPSHOT/maven-metadata.xml
2020-06-03 17:31:44,058 [DefaultMetadataResolver-10-1] INFO  o.e.m.c.i.e.AbstractTransferListenerAdapter - Downloading https://repo.spring.io/snapshot/org/springframework/boot/spring-boot-starter-tomcat/2.3.1.BUILD-SNAPSHOT/maven-metadata.xml
2020-06-03 17:31:44,587 [DefaultMetadataResolver-10-1] INFO  o.e.m.c.i.e.AbstractTransferListenerAdapter - Downloaded https://repo.spring.io/snapshot/org/springframework/boot/spring-boot-starter-tomcat/2.3.1.BUILD-SNAPSHOT/maven-metadata.xml
2020-06-03 17:31:44,990 [Worker-48] INFO  o.e.m.c.i.e.AbstractTransferListenerAdapter - Downloaded https://repo.spring.io/milestone/org/springframework/boot/spring-boot-starter-tomcat/2.3.1.BUILD-SNAPSHOT/spring-boot-starter-tomcat-2.3.1.BUILD-20200603.111343-45.pom
2020-06-03 17:31:45,921 [Worker-48] INFO  o.e.m.c.i.e.AbstractTransferListenerAdapter - Downloading https://repo.spring.io/snapshot/org/springframework/boot/spring-boot-starter-tomcat/2.3.1.BUILD-SNAPSHOT/spring-boot-starter-tomcat-2.3.1.BUILD-20200603.111343-45.pom
2020-06-03 17:31:46,532 [Worker-48] INFO  o.e.m.c.i.e.AbstractTransferListenerAdapter - Downloaded https://repo.spring.io/snapshot/org/springframework/boot/spring-boot-starter-tomcat/2.3.1.BUILD-SNAPSHOT/spring-boot-starter-tomcat-2.3.1.BUILD-20200603.111343-45.pom
2020-06-03 17:31:47,144 [Worker-48] INFO  o.e.m.c.i.e.AbstractTransferListenerAdapter - Downloaded https://repo.spring.io/milestone/org/apache/tomcat/embed/tomcat-embed-core/9.0.35/tomcat-embed-core-9.0.35.pom
2020-06-03 17:31:47,804 [Worker-48] INFO  o.e.m.c.i.e.AbstractTransferListenerAdapter - Downloaded https://repo.spring.io/snapshot/org/apache/tomcat/embed/tomcat-embed-core/9.0.35/tomcat-embed-core-9.0.35.pom
2020-06-03 17:31:48,168 [Worker-48] INFO  o.e.m.c.i.e.AbstractTransferListenerAdapter - Downloading https://repo.maven.apache.org/maven2/org/apache/tomcat/embed/tomcat-embed-core/9.0.35/tomcat-embed-core-9.0.35.pom
2020-06-03 17:31:48,498 [Worker-48] INFO  o.e.m.c.i.e.AbstractTransferListenerAdapter - Downloaded https://repo.maven.apache.org/maven2/org/apache/tomcat/embed/tomcat-embed-core/9.0.35/tomcat-embed-core-9.0.35.pom
2020-06-03 17:31:49,479 [Worker-48] INFO  o.e.m.c.i.e.AbstractTransferListenerAdapter - Downloaded https://repo.spring.io/milestone/org/glassfish/jakarta.el/3.0.3/jakarta.el-3.0.3.pom
2020-06-03 17:31:50,216 [Worker-48] INFO  o.e.m.c.i.e.AbstractTransferListenerAdapter - Downloaded https://repo.spring.io/snapshot/org/glassfish/jakarta.el/3.0.3/jakarta.el-3.0.3.pom
2020-06-03 17:31:50,728 [Worker-48] INFO  o.e.m.c.i.e.AbstractTransferListenerAdapter - Downloading https://repo.maven.apache.org/maven2/org/glassfish/jakarta.el/3.0.3/jakarta.el-3.0.3.pom
2020-06-03 17:31:51,039 [Worker-48] INFO  o.e.m.c.i.e.AbstractTransferListenerAdapter - Downloaded https://repo.maven.apache.org/maven2/org/glassfish/jakarta.el/3.0.3/jakarta.el-3.0.3.pom
2020-06-03 17:31:52,162 [Worker-48] INFO  o.e.m.c.i.e.AbstractTransferListenerAdapter - Downloaded https://repo.spring.io/milestone/org/apache/tomcat/embed/tomcat-embed-websocket/9.0.35/tomcat-embed-websocket-9.0.35.pom
2020-06-03 17:31:53,296 [Worker-48] INFO  o.e.m.c.i.e.AbstractTransferListenerAdapter - Downloaded https://repo.spring.io/snapshot/org/apache/tomcat/embed/tomcat-embed-websocket/9.0.35/tomcat-embed-websocket-9.0.35.pom
2020-06-03 17:31:53,528 [Worker-48] INFO  o.e.m.c.i.e.AbstractTransferListenerAdapter - Downloading https://repo.maven.apache.org/maven2/org/apache/tomcat/embed/tomcat-embed-websocket/9.0.35/tomcat-embed-websocket-9.0.35.pom
2020-06-03 17:31:53,811 [Worker-48] INFO  o.e.m.c.i.e.AbstractTransferListenerAdapter - Downloaded https://repo.maven.apache.org/maven2/org/apache/tomcat/embed/tomcat-embed-websocket/9.0.35/tomcat-embed-websocket-9.0.35.pom
2020-06-03 17:31:54,927 [DefaultMetadataResolver-11-1] INFO  o.e.m.c.i.e.AbstractTransferListenerAdapter - Downloading https://repo.spring.io/snapshot/org/springframework/boot/spring-boot-starter-test/2.3.1.BUILD-SNAPSHOT/maven-metadata.xml
2020-06-03 17:31:54,927 [DefaultMetadataResolver-11-0] INFO  o.e.m.c.i.e.AbstractTransferListenerAdapter - Downloaded https://repo.spring.io/milestone/org/springframework/boot/spring-boot-starter-test/2.3.1.BUILD-SNAPSHOT/maven-metadata.xml
2020-06-03 17:31:55,482 [DefaultMetadataResolver-11-1] INFO  o.e.m.c.i.e.AbstractTransferListenerAdapter - Downloaded https://repo.spring.io/snapshot/org/springframework/boot/spring-boot-starter-test/2.3.1.BUILD-SNAPSHOT/maven-metadata.xml
2020-06-03 17:31:56,156 [Worker-48] INFO  o.e.m.c.i.e.AbstractTransferListenerAdapter - Downloaded https://repo.spring.io/milestone/org/springframework/boot/spring-boot-starter-test/2.3.1.BUILD-SNAPSHOT/spring-boot-starter-test-2.3.1.BUILD-20200603.111343-45.pom
2020-06-03 17:31:56,854 [Worker-48] INFO  o.e.m.c.i.e.AbstractTransferListenerAdapter - Downloading https://repo.spring.io/snapshot/org/springframework/boot/spring-boot-starter-test/2.3.1.BUILD-SNAPSHOT/spring-boot-starter-test-2.3.1.BUILD-20200603.111343-45.pom
2020-06-03 17:31:57,692 [Worker-48] INFO  o.e.m.c.i.e.AbstractTransferListenerAdapter - Downloaded https://repo.spring.io/snapshot/org/springframework/boot/spring-boot-starter-test/2.3.1.BUILD-SNAPSHOT/spring-boot-starter-test-2.3.1.BUILD-20200603.111343-45.pom
2020-06-03 17:31:58,091 [DefaultMetadataResolver-12-0] INFO  o.e.m.c.i.e.AbstractTransferListenerAdapter - Downloaded https://repo.spring.io/milestone/org/springframework/boot/spring-boot-test/2.3.1.BUILD-SNAPSHOT/maven-metadata.xml
2020-06-03 17:31:58,820 [DefaultMetadataResolver-12-1] INFO  o.e.m.c.i.e.AbstractTransferListenerAdapter - Downloading https://repo.spring.io/snapshot/org/springframework/boot/spring-boot-test/2.3.1.BUILD-SNAPSHOT/maven-metadata.xml
2020-06-03 17:31:59,433 [DefaultMetadataResolver-12-1] INFO  o.e.m.c.i.e.AbstractTransferListenerAdapter - Downloaded https://repo.spring.io/snapshot/org/springframework/boot/spring-boot-test/2.3.1.BUILD-SNAPSHOT/maven-metadata.xml
2020-06-03 17:32:00,049 [Worker-48] INFO  o.e.m.c.i.e.AbstractTransferListenerAdapter - Downloaded https://repo.spring.io/milestone/org/springframework/boot/spring-boot-test/2.3.1.BUILD-SNAPSHOT/spring-boot-test-2.3.1.BUILD-20200603.111343-45.pom
2020-06-03 17:32:01,096 [Worker-48] INFO  o.e.m.c.i.e.AbstractTransferListenerAdapter - Downloading https://repo.spring.io/snapshot/org/springframework/boot/spring-boot-test/2.3.1.BUILD-SNAPSHOT/spring-boot-test-2.3.1.BUILD-20200603.111343-45.pom
2020-06-03 17:32:01,709 [Worker-48] INFO  o.e.m.c.i.e.AbstractTransferListenerAdapter - Downloaded https://repo.spring.io/snapshot/org/springframework/boot/spring-boot-test/2.3.1.BUILD-SNAPSHOT/spring-boot-test-2.3.1.BUILD-20200603.111343-45.pom
2020-06-03 17:32:02,139 [DefaultMetadataResolver-13-0] INFO  o.e.m.c.i.e.AbstractTransferListenerAdapter - Downloaded https://repo.spring.io/milestone/org/springframework/boot/spring-boot-test-autoconfigure/2.3.1.BUILD-SNAPSHOT/maven-metadata.xml
2020-06-03 17:32:02,551 [DefaultMetadataResolver-13-1] INFO  o.e.m.c.i.e.AbstractTransferListenerAdapter - Downloading https://repo.spring.io/snapshot/org/springframework/boot/spring-boot-test-autoconfigure/2.3.1.BUILD-SNAPSHOT/maven-metadata.xml
2020-06-03 17:32:03,326 [DefaultMetadataResolver-13-1] INFO  o.e.m.c.i.e.AbstractTransferListenerAdapter - Downloaded https://repo.spring.io/snapshot/org/springframework/boot/spring-boot-test-autoconfigure/2.3.1.BUILD-SNAPSHOT/maven-metadata.xml
2020-06-03 17:32:03,746 [Worker-48] INFO  o.e.m.c.i.e.AbstractTransferListenerAdapter - Downloaded https://repo.spring.io/milestone/org/springframework/boot/spring-boot-test-autoconfigure/2.3.1.BUILD-SNAPSHOT/spring-boot-test-autoconfigure-2.3.1.BUILD-20200603.111343-45.pom
2020-06-03 17:32:04,963 [Worker-48] INFO  o.e.m.c.i.e.AbstractTransferListenerAdapter - Downloading https://repo.spring.io/snapshot/org/springframework/boot/spring-boot-test-autoconfigure/2.3.1.BUILD-SNAPSHOT/spring-boot-test-autoconfigure-2.3.1.BUILD-20200603.111343-45.pom
2020-06-03 17:32:05,384 [Worker-48] INFO  o.e.m.c.i.e.AbstractTransferListenerAdapter - Downloaded https://repo.spring.io/snapshot/org/springframework/boot/spring-boot-test-autoconfigure/2.3.1.BUILD-SNAPSHOT/spring-boot-test-autoconfigure-2.3.1.BUILD-20200603.111343-45.pom
2020-06-03 17:32:05,986 [Worker-48] INFO  o.e.m.c.i.e.AbstractTransferListenerAdapter - Downloaded https://repo.spring.io/milestone/org/assertj/assertj-core/3.16.1/assertj-core-3.16.1.pom
2020-06-03 17:32:07,012 [Worker-48] INFO  o.e.m.c.i.e.AbstractTransferListenerAdapter - Downloaded https://repo.spring.io/snapshot/org/assertj/assertj-core/3.16.1/assertj-core-3.16.1.pom
2020-06-03 17:32:07,303 [Worker-48] INFO  o.e.m.c.i.e.AbstractTransferListenerAdapter - Downloading https://repo.maven.apache.org/maven2/org/assertj/assertj-core/3.16.1/assertj-core-3.16.1.pom
2020-06-03 17:32:07,547 [Worker-48] INFO  o.e.m.c.i.e.AbstractTransferListenerAdapter - Downloaded https://repo.maven.apache.org/maven2/org/assertj/assertj-core/3.16.1/assertj-core-3.16.1.pom
2020-06-03 17:32:08,634 [Worker-48] INFO  o.e.m.c.i.e.AbstractTransferListenerAdapter - Downloaded https://repo.spring.io/milestone/org/assertj/assertj-parent-pom/2.2.7/assertj-parent-pom-2.2.7.pom
2020-06-03 17:32:09,674 [Worker-48] INFO  o.e.m.c.i.e.AbstractTransferListenerAdapter - Downloaded https://repo.spring.io/snapshot/org/assertj/assertj-parent-pom/2.2.7/assertj-parent-pom-2.2.7.pom
2020-06-03 17:32:10,289 [Worker-48] INFO  o.e.m.c.i.e.AbstractTransferListenerAdapter - Downloading https://repo.maven.apache.org/maven2/org/assertj/assertj-parent-pom/2.2.7/assertj-parent-pom-2.2.7.pom
2020-06-03 17:32:10,566 [Worker-48] INFO  o.e.m.c.i.e.AbstractTransferListenerAdapter - Downloaded https://repo.maven.apache.org/maven2/org/assertj/assertj-parent-pom/2.2.7/assertj-parent-pom-2.2.7.pom
2020-06-03 17:32:11,518 [Worker-48] INFO  o.e.m.c.i.e.AbstractTransferListenerAdapter - Downloaded https://repo.spring.io/milestone/org/hamcrest/hamcrest/2.2/hamcrest-2.2.pom
2020-06-03 17:32:12,541 [Worker-48] INFO  o.e.m.c.i.e.AbstractTransferListenerAdapter - Downloaded https://repo.spring.io/snapshot/org/hamcrest/hamcrest/2.2/hamcrest-2.2.pom
2020-06-03 17:32:13,155 [Worker-48] INFO  o.e.m.c.i.e.AbstractTransferListenerAdapter - Downloading https://repo.maven.apache.org/maven2/org/hamcrest/hamcrest/2.2/hamcrest-2.2.pom
2020-06-03 17:32:13,771 [Worker-48] INFO  o.e.m.c.i.e.AbstractTransferListenerAdapter - Downloaded https://repo.maven.apache.org/maven2/org/hamcrest/hamcrest/2.2/hamcrest-2.2.pom
2020-06-03 17:32:14,794 [Worker-48] INFO  o.e.m.c.i.e.AbstractTransferListenerAdapter - Downloaded https://repo.spring.io/milestone/org/junit/jupiter/junit-jupiter/5.6.2/junit-jupiter-5.6.2.pom
2020-06-03 17:32:16,022 [Worker-48] INFO  o.e.m.c.i.e.AbstractTransferListenerAdapter - Downloaded https://repo.spring.io/snapshot/org/junit/jupiter/junit-jupiter/5.6.2/junit-jupiter-5.6.2.pom
2020-06-03 17:32:16,432 [Worker-48] INFO  o.e.m.c.i.e.AbstractTransferListenerAdapter - Downloading https://repo.maven.apache.org/maven2/org/junit/jupiter/junit-jupiter/5.6.2/junit-jupiter-5.6.2.pom
2020-06-03 17:32:17,049 [Worker-48] INFO  o.e.m.c.i.e.AbstractTransferListenerAdapter - Downloaded https://repo.maven.apache.org/maven2/org/junit/jupiter/junit-jupiter/5.6.2/junit-jupiter-5.6.2.pom
2020-06-03 17:32:18,275 [Worker-48] INFO  o.e.m.c.i.e.AbstractTransferListenerAdapter - Downloaded https://repo.spring.io/milestone/org/junit/jupiter/junit-jupiter-api/5.6.2/junit-jupiter-api-5.6.2.pom
2020-06-03 17:32:19,299 [Worker-48] INFO  o.e.m.c.i.e.AbstractTransferListenerAdapter - Downloaded https://repo.spring.io/snapshot/org/junit/jupiter/junit-jupiter-api/5.6.2/junit-jupiter-api-5.6.2.pom
2020-06-03 17:32:19,915 [Worker-48] INFO  o.e.m.c.i.e.AbstractTransferListenerAdapter - Downloading https://repo.maven.apache.org/maven2/org/junit/jupiter/junit-jupiter-api/5.6.2/junit-jupiter-api-5.6.2.pom
2020-06-03 17:32:20,530 [Worker-48] INFO  o.e.m.c.i.e.AbstractTransferListenerAdapter - Downloaded https://repo.maven.apache.org/maven2/org/junit/jupiter/junit-jupiter-api/5.6.2/junit-jupiter-api-5.6.2.pom
2020-06-03 17:32:21,758 [Worker-48] INFO  o.e.m.c.i.e.AbstractTransferListenerAdapter - Downloaded https://repo.spring.io/milestone/org/junit/platform/junit-platform-commons/1.6.2/junit-platform-commons-1.6.2.pom
2020-06-03 17:32:22,781 [Worker-48] INFO  o.e.m.c.i.e.AbstractTransferListenerAdapter - Downloaded https://repo.spring.io/snapshot/org/junit/platform/junit-platform-commons/1.6.2/junit-platform-commons-1.6.2.pom
2020-06-03 17:32:23,397 [Worker-48] INFO  o.e.m.c.i.e.AbstractTransferListenerAdapter - Downloading https://repo.maven.apache.org/maven2/org/junit/platform/junit-platform-commons/1.6.2/junit-platform-commons-1.6.2.pom
2020-06-03 17:32:23,808 [Worker-48] INFO  o.e.m.c.i.e.AbstractTransferListenerAdapter - Downloaded https://repo.maven.apache.org/maven2/org/junit/platform/junit-platform-commons/1.6.2/junit-platform-commons-1.6.2.pom
2020-06-03 17:32:24,624 [Worker-48] INFO  o.e.m.c.i.e.AbstractTransferListenerAdapter - Downloaded https://repo.spring.io/milestone/org/junit/jupiter/junit-jupiter-params/5.6.2/junit-jupiter-params-5.6.2.pom
2020-06-03 17:32:25,648 [Worker-48] INFO  o.e.m.c.i.e.AbstractTransferListenerAdapter - Downloaded https://repo.spring.io/snapshot/org/junit/jupiter/junit-jupiter-params/5.6.2/junit-jupiter-params-5.6.2.pom
2020-06-03 17:32:25,932 [Worker-48] INFO  o.e.m.c.i.e.AbstractTransferListenerAdapter - Downloading https://repo.maven.apache.org/maven2/org/junit/jupiter/junit-jupiter-params/5.6.2/junit-jupiter-params-5.6.2.pom
2020-06-03 17:32:26,264 [Worker-48] INFO  o.e.m.c.i.e.AbstractTransferListenerAdapter - Downloaded https://repo.maven.apache.org/maven2/org/junit/jupiter/junit-jupiter-params/5.6.2/junit-jupiter-params-5.6.2.pom
2020-06-03 17:32:27,288 [Worker-48] INFO  o.e.m.c.i.e.AbstractTransferListenerAdapter - Downloaded https://repo.spring.io/milestone/org/junit/jupiter/junit-jupiter-engine/5.6.2/junit-jupiter-engine-5.6.2.pom
2020-06-03 17:32:28,310 [Worker-48] INFO  o.e.m.c.i.e.AbstractTransferListenerAdapter - Downloaded https://repo.spring.io/snapshot/org/junit/jupiter/junit-jupiter-engine/5.6.2/junit-jupiter-engine-5.6.2.pom
2020-06-03 17:32:28,575 [Worker-48] INFO  o.e.m.c.i.e.AbstractTransferListenerAdapter - Downloading https://repo.maven.apache.org/maven2/org/junit/jupiter/junit-jupiter-engine/5.6.2/junit-jupiter-engine-5.6.2.pom
2020-06-03 17:32:28,927 [Worker-48] INFO  o.e.m.c.i.e.AbstractTransferListenerAdapter - Downloaded https://repo.maven.apache.org/maven2/org/junit/jupiter/junit-jupiter-engine/5.6.2/junit-jupiter-engine-5.6.2.pom
2020-06-03 17:32:30,155 [Worker-48] INFO  o.e.m.c.i.e.AbstractTransferListenerAdapter - Downloaded https://repo.spring.io/milestone/org/junit/platform/junit-platform-engine/1.6.2/junit-platform-engine-1.6.2.pom
2020-06-03 17:32:31,046 [Worker-48] INFO  o.e.m.c.i.e.AbstractTransferListenerAdapter - Downloaded https://repo.spring.io/snapshot/org/junit/platform/junit-platform-engine/1.6.2/junit-platform-engine-1.6.2.pom
2020-06-03 17:32:31,404 [Worker-48] INFO  o.e.m.c.i.e.AbstractTransferListenerAdapter - Downloading https://repo.maven.apache.org/maven2/org/junit/platform/junit-platform-engine/1.6.2/junit-platform-engine-1.6.2.pom
2020-06-03 17:32:31,934 [Worker-48] INFO  o.e.m.c.i.e.AbstractTransferListenerAdapter - Downloaded https://repo.maven.apache.org/maven2/org/junit/platform/junit-platform-engine/1.6.2/junit-platform-engine-1.6.2.pom
2020-06-03 17:32:33,021 [Worker-48] INFO  o.e.m.c.i.e.AbstractTransferListenerAdapter - Downloaded https://repo.spring.io/milestone/org/mockito/mockito-core/3.3.3/mockito-core-3.3.3.pom
2020-06-03 17:32:33,913 [Worker-48] INFO  o.e.m.c.i.e.AbstractTransferListenerAdapter - Downloaded https://repo.spring.io/snapshot/org/mockito/mockito-core/3.3.3/mockito-core-3.3.3.pom
2020-06-03 17:32:34,190 [Worker-48] INFO  o.e.m.c.i.e.AbstractTransferListenerAdapter - Downloading https://repo.maven.apache.org/maven2/org/mockito/mockito-core/3.3.3/mockito-core-3.3.3.pom
2020-06-03 17:32:34,661 [Worker-48] INFO  o.e.m.c.i.e.AbstractTransferListenerAdapter - Downloaded https://repo.maven.apache.org/maven2/org/mockito/mockito-core/3.3.3/mockito-core-3.3.3.pom
2020-06-03 17:32:35,596 [Worker-48] INFO  o.e.m.c.i.e.AbstractTransferListenerAdapter - Downloaded https://repo.spring.io/milestone/org/mockito/mockito-junit-jupiter/3.3.3/mockito-junit-jupiter-3.3.3.pom
2020-06-03 17:32:36,912 [Worker-48] INFO  o.e.m.c.i.e.AbstractTransferListenerAdapter - Downloaded https://repo.spring.io/snapshot/org/mockito/mockito-junit-jupiter/3.3.3/mockito-junit-jupiter-3.3.3.pom
2020-06-03 17:32:37,527 [Worker-48] INFO  o.e.m.c.i.e.AbstractTransferListenerAdapter - Downloading https://repo.maven.apache.org/maven2/org/mockito/mockito-junit-jupiter/3.3.3/mockito-junit-jupiter-3.3.3.pom
2020-06-03 17:32:37,813 [Worker-48] INFO  o.e.m.c.i.e.AbstractTransferListenerAdapter - Downloaded https://repo.maven.apache.org/maven2/org/mockito/mockito-junit-jupiter/3.3.3/mockito-junit-jupiter-3.3.3.pom
2020-06-03 17:32:38,756 [Worker-48] INFO  o.e.m.c.i.e.AbstractTransferListenerAdapter - Downloaded https://repo.spring.io/milestone/org/xmlunit/xmlunit-core/2.7.0/xmlunit-core-2.7.0.pom
2020-06-03 17:32:39,796 [Worker-48] INFO  o.e.m.c.i.e.AbstractTransferListenerAdapter - Downloaded https://repo.spring.io/snapshot/org/xmlunit/xmlunit-core/2.7.0/xmlunit-core-2.7.0.pom
2020-06-03 17:32:40,416 [Worker-48] INFO  o.e.m.c.i.e.AbstractTransferListenerAdapter - Downloading https://repo.maven.apache.org/maven2/org/xmlunit/xmlunit-core/2.7.0/xmlunit-core-2.7.0.pom
2020-06-03 17:32:41,015 [Worker-48] INFO  o.e.m.c.i.e.AbstractTransferListenerAdapter - Downloaded https://repo.maven.apache.org/maven2/org/xmlunit/xmlunit-core/2.7.0/xmlunit-core-2.7.0.pom
2020-06-03 17:32:42,032 [Worker-48] INFO  o.e.m.c.i.e.AbstractTransferListenerAdapter - Downloaded https://repo.spring.io/milestone/org/xmlunit/xmlunit-parent/2.7.0/xmlunit-parent-2.7.0.pom
2020-06-03 17:32:42,737 [Worker-48] INFO  o.e.m.c.i.e.AbstractTransferListenerAdapter - Downloaded https://repo.spring.io/snapshot/org/xmlunit/xmlunit-parent/2.7.0/xmlunit-parent-2.7.0.pom
2020-06-03 17:32:43,254 [Worker-48] INFO  o.e.m.c.i.e.AbstractTransferListenerAdapter - Downloading https://repo.maven.apache.org/maven2/org/xmlunit/xmlunit-parent/2.7.0/xmlunit-parent-2.7.0.pom
2020-06-03 17:32:43,537 [Worker-48] INFO  o.e.m.c.i.e.AbstractTransferListenerAdapter - Downloaded https://repo.maven.apache.org/maven2/org/xmlunit/xmlunit-parent/2.7.0/xmlunit-parent-2.7.0.pom
2020-06-03 17:32:44,379 [Worker-48] INFO  o.e.m.c.i.e.AbstractTransferListenerAdapter - Downloading https://repo.spring.io/snapshot/org/springframework/boot/spring-boot-starter-web/2.3.1.BUILD-SNAPSHOT/spring-boot-starter-web-2.3.1.BUILD-20200603.111343-45.jar
2020-06-03 17:32:45,062 [Worker-48] INFO  o.e.m.c.i.e.AbstractTransferListenerAdapter - Downloaded https://repo.spring.io/snapshot/org/springframework/boot/spring-boot-starter-web/2.3.1.BUILD-SNAPSHOT/spring-boot-starter-web-2.3.1.BUILD-20200603.111343-45.jar
2020-06-03 17:32:45,514 [Worker-48] INFO  o.e.m.c.i.e.AbstractTransferListenerAdapter - Downloading https://repo.spring.io/snapshot/org/springframework/boot/spring-boot-starter/2.3.1.BUILD-SNAPSHOT/spring-boot-starter-2.3.1.BUILD-20200603.111343-45.jar
2020-06-03 17:32:46,129 [Worker-48] INFO  o.e.m.c.i.e.AbstractTransferListenerAdapter - Downloaded https://repo.spring.io/snapshot/org/springframework/boot/spring-boot-starter/2.3.1.BUILD-SNAPSHOT/spring-boot-starter-2.3.1.BUILD-20200603.111343-45.jar
2020-06-03 17:32:46,566 [Worker-48] INFO  o.e.m.c.i.e.AbstractTransferListenerAdapter - Downloading https://repo.spring.io/snapshot/org/springframework/boot/spring-boot/2.3.1.BUILD-SNAPSHOT/spring-boot-2.3.1.BUILD-20200603.111343-45.jar
2020-06-03 17:32:48,574 [Worker-48] INFO  o.e.m.c.i.e.AbstractTransferListenerAdapter - Downloaded https://repo.spring.io/snapshot/org/springframework/boot/spring-boot/2.3.1.BUILD-SNAPSHOT/spring-boot-2.3.1.BUILD-20200603.111343-45.jar
2020-06-03 17:32:48,996 [Worker-48] INFO  o.e.m.c.i.e.AbstractTransferListenerAdapter - Downloading https://repo.spring.io/snapshot/org/springframework/boot/spring-boot-autoconfigure/2.3.1.BUILD-SNAPSHOT/spring-boot-autoconfigure-2.3.1.BUILD-20200603.111343-45.jar
2020-06-03 17:32:51,045 [Worker-48] INFO  o.e.m.c.i.e.AbstractTransferListenerAdapter - Downloaded https://repo.spring.io/snapshot/org/springframework/boot/spring-boot-autoconfigure/2.3.1.BUILD-SNAPSHOT/spring-boot-autoconfigure-2.3.1.BUILD-20200603.111343-45.jar
2020-06-03 17:32:51,863 [Worker-48] INFO  o.e.m.c.i.e.AbstractTransferListenerAdapter - Downloading https://repo.spring.io/snapshot/org/springframework/boot/spring-boot-starter-logging/2.3.1.BUILD-SNAPSHOT/spring-boot-starter-logging-2.3.1.BUILD-20200603.111343-45.jar
2020-06-03 17:32:52,478 [Worker-48] INFO  o.e.m.c.i.e.AbstractTransferListenerAdapter - Downloaded https://repo.spring.io/snapshot/org/springframework/boot/spring-boot-starter-logging/2.3.1.BUILD-SNAPSHOT/spring-boot-starter-logging-2.3.1.BUILD-20200603.111343-45.jar
2020-06-03 17:32:53,091 [Worker-48] INFO  o.e.m.c.i.e.AbstractTransferListenerAdapter - Downloading https://repo.spring.io/snapshot/org/springframework/boot/spring-boot-starter-json/2.3.1.BUILD-SNAPSHOT/spring-boot-starter-json-2.3.1.BUILD-20200603.111343-45.jar
2020-06-03 17:32:53,731 [Worker-48] INFO  o.e.m.c.i.e.AbstractTransferListenerAdapter - Downloaded https://repo.spring.io/snapshot/org/springframework/boot/spring-boot-starter-json/2.3.1.BUILD-SNAPSHOT/spring-boot-starter-json-2.3.1.BUILD-20200603.111343-45.jar
2020-06-03 17:32:54,343 [Worker-48] INFO  o.e.m.c.i.e.AbstractTransferListenerAdapter - Downloading https://repo.spring.io/snapshot/org/springframework/boot/spring-boot-starter-tomcat/2.3.1.BUILD-SNAPSHOT/spring-boot-starter-tomcat-2.3.1.BUILD-20200603.111343-45.jar
2020-06-03 17:32:54,812 [Worker-48] INFO  o.e.m.c.i.e.AbstractTransferListenerAdapter - Downloaded https://repo.spring.io/snapshot/org/springframework/boot/spring-boot-starter-tomcat/2.3.1.BUILD-SNAPSHOT/spring-boot-starter-tomcat-2.3.1.BUILD-20200603.111343-45.jar
2020-06-03 17:32:55,318 [Worker-48] INFO  o.e.m.c.i.e.AbstractTransferListenerAdapter - Downloading https://repo.spring.io/snapshot/org/springframework/boot/spring-boot-starter-test/2.3.1.BUILD-SNAPSHOT/spring-boot-starter-test-2.3.1.BUILD-20200603.111343-45.jar
2020-06-03 17:32:55,789 [Worker-48] INFO  o.e.m.c.i.e.AbstractTransferListenerAdapter - Downloaded https://repo.spring.io/snapshot/org/springframework/boot/spring-boot-starter-test/2.3.1.BUILD-SNAPSHOT/spring-boot-starter-test-2.3.1.BUILD-20200603.111343-45.jar
2020-06-03 17:32:56,319 [Worker-48] INFO  o.e.m.c.i.e.AbstractTransferListenerAdapter - Downloading https://repo.spring.io/snapshot/org/springframework/boot/spring-boot-test/2.3.1.BUILD-SNAPSHOT/spring-boot-test-2.3.1.BUILD-20200603.111343-45.jar
2020-06-03 17:32:57,621 [Worker-48] INFO  o.e.m.c.i.e.AbstractTransferListenerAdapter - Downloaded https://repo.spring.io/snapshot/org/springframework/boot/spring-boot-test/2.3.1.BUILD-SNAPSHOT/spring-boot-test-2.3.1.BUILD-20200603.111343-45.jar
2020-06-03 17:32:58,020 [Worker-48] INFO  o.e.m.c.i.e.AbstractTransferListenerAdapter - Downloading https://repo.spring.io/snapshot/org/springframework/boot/spring-boot-test-autoconfigure/2.3.1.BUILD-SNAPSHOT/spring-boot-test-autoconfigure-2.3.1.BUILD-20200603.111343-45.jar
2020-06-03 17:32:59,052 [Worker-48] INFO  o.e.m.c.i.e.AbstractTransferListenerAdapter - Downloaded https://repo.spring.io/snapshot/org/springframework/boot/spring-boot-test-autoconfigure/2.3.1.BUILD-SNAPSHOT/spring-boot-test-autoconfigure-2.3.1.BUILD-20200603.111343-45.jar
2020-06-03 17:32:59,771 [Worker-48] INFO  o.e.m.c.i.e.AbstractTransferListenerAdapter - Downloaded https://repo.spring.io/milestone/org/apache/logging/log4j/log4j-to-slf4j/2.13.2/log4j-to-slf4j-2.13.2.jar
2020-06-03 17:33:00,669 [Worker-48] INFO  o.e.m.c.i.e.AbstractTransferListenerAdapter - Downloaded https://repo.spring.io/milestone/org/apache/logging/log4j/log4j-api/2.13.2/log4j-api-2.13.2.jar
2020-06-03 17:33:01,900 [Worker-48] INFO  o.e.m.c.i.e.AbstractTransferListenerAdapter - Downloaded https://repo.spring.io/milestone/org/yaml/snakeyaml/1.26/snakeyaml-1.26.jar
2020-06-03 17:33:02,718 [Worker-48] INFO  o.e.m.c.i.e.AbstractTransferListenerAdapter - Downloaded https://repo.spring.io/milestone/com/fasterxml/jackson/core/jackson-databind/2.11.0/jackson-databind-2.11.0.jar
2020-06-03 17:33:03,590 [Worker-48] INFO  o.e.m.c.i.e.AbstractTransferListenerAdapter - Downloaded https://repo.spring.io/milestone/com/fasterxml/jackson/core/jackson-annotations/2.11.0/jackson-annotations-2.11.0.jar
2020-06-03 17:33:04,356 [Worker-48] INFO  o.e.m.c.i.e.AbstractTransferListenerAdapter - Downloaded https://repo.spring.io/milestone/com/fasterxml/jackson/core/jackson-core/2.11.0/jackson-core-2.11.0.jar
2020-06-03 17:33:05,380 [Worker-48] INFO  o.e.m.c.i.e.AbstractTransferListenerAdapter - Downloaded https://repo.spring.io/milestone/com/fasterxml/jackson/datatype/jackson-datatype-jdk8/2.11.0/jackson-datatype-jdk8-2.11.0.jar
2020-06-03 17:33:06,404 [Worker-48] INFO  o.e.m.c.i.e.AbstractTransferListenerAdapter - Downloaded https://repo.spring.io/milestone/com/fasterxml/jackson/datatype/jackson-datatype-jsr310/2.11.0/jackson-datatype-jsr310-2.11.0.jar
2020-06-03 17:33:07,632 [Worker-48] INFO  o.e.m.c.i.e.AbstractTransferListenerAdapter - Downloaded https://repo.spring.io/milestone/com/fasterxml/jackson/module/jackson-module-parameter-names/2.11.0/jackson-module-parameter-names-2.11.0.jar
2020-06-03 17:33:08,341 [Worker-48] INFO  o.e.m.c.i.e.AbstractTransferListenerAdapter - Downloaded https://repo.spring.io/milestone/org/apache/tomcat/embed/tomcat-embed-core/9.0.35/tomcat-embed-core-9.0.35.jar
2020-06-03 17:33:09,024 [Worker-48] INFO  o.e.m.c.i.e.AbstractTransferListenerAdapter - Downloaded https://repo.spring.io/milestone/org/glassfish/jakarta.el/3.0.3/jakarta.el-3.0.3.jar
2020-06-03 17:33:09,705 [Worker-48] INFO  o.e.m.c.i.e.AbstractTransferListenerAdapter - Downloaded https://repo.spring.io/milestone/org/apache/tomcat/embed/tomcat-embed-websocket/9.0.35/tomcat-embed-websocket-9.0.35.jar
2020-06-03 17:33:10,476 [Worker-48] INFO  o.e.m.c.i.e.AbstractTransferListenerAdapter - Downloaded https://repo.spring.io/milestone/org/assertj/assertj-core/3.16.1/assertj-core-3.16.1.jar
2020-06-03 17:33:11,239 [Worker-48] INFO  o.e.m.c.i.e.AbstractTransferListenerAdapter - Downloaded https://repo.spring.io/milestone/org/hamcrest/hamcrest/2.2/hamcrest-2.2.jar
2020-06-03 17:33:11,915 [Worker-48] INFO  o.e.m.c.i.e.AbstractTransferListenerAdapter - Downloaded https://repo.spring.io/milestone/org/junit/jupiter/junit-jupiter/5.6.2/junit-jupiter-5.6.2.jar
2020-06-03 17:33:12,592 [Worker-48] INFO  o.e.m.c.i.e.AbstractTransferListenerAdapter - Downloaded https://repo.spring.io/milestone/org/junit/jupiter/junit-jupiter-api/5.6.2/junit-jupiter-api-5.6.2.jar
2020-06-03 17:33:13,358 [Worker-48] INFO  o.e.m.c.i.e.AbstractTransferListenerAdapter - Downloaded https://repo.spring.io/milestone/org/junit/platform/junit-platform-commons/1.6.2/junit-platform-commons-1.6.2.jar
2020-06-03 17:33:14,059 [Worker-48] INFO  o.e.m.c.i.e.AbstractTransferListenerAdapter - Downloaded https://repo.spring.io/milestone/org/junit/jupiter/junit-jupiter-params/5.6.2/junit-jupiter-params-5.6.2.jar
2020-06-03 17:33:14,816 [Worker-48] INFO  o.e.m.c.i.e.AbstractTransferListenerAdapter - Downloaded https://repo.spring.io/milestone/org/junit/jupiter/junit-jupiter-engine/5.6.2/junit-jupiter-engine-5.6.2.jar
2020-06-03 17:33:15,825 [Worker-48] INFO  o.e.m.c.i.e.AbstractTransferListenerAdapter - Downloaded https://repo.spring.io/milestone/org/junit/platform/junit-platform-engine/1.6.2/junit-platform-engine-1.6.2.jar
2020-06-03 17:33:16,849 [Worker-48] INFO  o.e.m.c.i.e.AbstractTransferListenerAdapter - Downloaded https://repo.spring.io/milestone/org/mockito/mockito-core/3.3.3/mockito-core-3.3.3.jar
2020-06-03 17:33:17,896 [Worker-48] INFO  o.e.m.c.i.e.AbstractTransferListenerAdapter - Downloaded https://repo.spring.io/milestone/org/mockito/mockito-junit-jupiter/3.3.3/mockito-junit-jupiter-3.3.3.jar
2020-06-03 17:33:18,692 [Worker-48] INFO  o.e.m.c.i.e.AbstractTransferListenerAdapter - Downloaded https://repo.spring.io/milestone/org/xmlunit/xmlunit-core/2.7.0/xmlunit-core-2.7.0.jar
2020-06-03 17:33:19,390 [Worker-48] INFO  o.e.m.c.i.e.AbstractTransferListenerAdapter - Downloaded https://repo.spring.io/snapshot/org/apache/logging/log4j/log4j-to-slf4j/2.13.2/log4j-to-slf4j-2.13.2.jar
2020-06-03 17:33:20,331 [Worker-48] INFO  o.e.m.c.i.e.AbstractTransferListenerAdapter - Downloaded https://repo.spring.io/snapshot/org/apache/logging/log4j/log4j-api/2.13.2/log4j-api-2.13.2.jar
2020-06-03 17:33:21,354 [Worker-48] INFO  o.e.m.c.i.e.AbstractTransferListenerAdapter - Downloaded https://repo.spring.io/snapshot/org/yaml/snakeyaml/1.26/snakeyaml-1.26.jar
2020-06-03 17:33:22,395 [Worker-48] INFO  o.e.m.c.i.e.AbstractTransferListenerAdapter - Downloaded https://repo.spring.io/snapshot/com/fasterxml/jackson/core/jackson-databind/2.11.0/jackson-databind-2.11.0.jar
2020-06-03 17:33:23,200 [Worker-48] INFO  o.e.m.c.i.e.AbstractTransferListenerAdapter - Downloaded https://repo.spring.io/snapshot/com/fasterxml/jackson/core/jackson-annotations/2.11.0/jackson-annotations-2.11.0.jar
2020-06-03 17:33:24,221 [Worker-48] INFO  o.e.m.c.i.e.AbstractTransferListenerAdapter - Downloaded https://repo.spring.io/snapshot/com/fasterxml/jackson/core/jackson-core/2.11.0/jackson-core-2.11.0.jar
2020-06-03 17:33:25,457 [Worker-48] INFO  o.e.m.c.i.e.AbstractTransferListenerAdapter - Downloaded https://repo.spring.io/snapshot/com/fasterxml/jackson/datatype/jackson-datatype-jdk8/2.11.0/jackson-datatype-jdk8-2.11.0.jar
2020-06-03 17:33:26,895 [Worker-48] INFO  o.e.m.c.i.e.AbstractTransferListenerAdapter - Downloaded https://repo.spring.io/snapshot/com/fasterxml/jackson/datatype/jackson-datatype-jsr310/2.11.0/jackson-datatype-jsr310-2.11.0.jar
2020-06-03 17:33:27,616 [Worker-48] INFO  o.e.m.c.i.e.AbstractTransferListenerAdapter - Downloaded https://repo.spring.io/snapshot/com/fasterxml/jackson/module/jackson-module-parameter-names/2.11.0/jackson-module-parameter-names-2.11.0.jar
2020-06-03 17:33:28,391 [Worker-48] INFO  o.e.m.c.i.e.AbstractTransferListenerAdapter - Downloaded https://repo.spring.io/snapshot/org/apache/tomcat/embed/tomcat-embed-core/9.0.35/tomcat-embed-core-9.0.35.jar
2020-06-03 17:33:31,519 [Worker-48] INFO  o.e.m.c.i.e.AbstractTransferListenerAdapter - Downloaded https://repo.spring.io/snapshot/org/glassfish/jakarta.el/3.0.3/jakarta.el-3.0.3.jar
2020-06-03 17:33:32,590 [Worker-48] INFO  o.e.m.c.i.e.AbstractTransferListenerAdapter - Downloaded https://repo.spring.io/snapshot/org/apache/tomcat/embed/tomcat-embed-websocket/9.0.35/tomcat-embed-websocket-9.0.35.jar
2020-06-03 17:33:33,643 [Worker-48] INFO  o.e.m.c.i.e.AbstractTransferListenerAdapter - Downloaded https://repo.spring.io/snapshot/org/assertj/assertj-core/3.16.1/assertj-core-3.16.1.jar
2020-06-03 17:33:34,571 [Worker-48] INFO  o.e.m.c.i.e.AbstractTransferListenerAdapter - Downloaded https://repo.spring.io/snapshot/org/hamcrest/hamcrest/2.2/hamcrest-2.2.jar
2020-06-03 17:33:35,296 [Worker-48] INFO  o.e.m.c.i.e.AbstractTransferListenerAdapter - Downloaded https://repo.spring.io/snapshot/org/junit/jupiter/junit-jupiter/5.6.2/junit-jupiter-5.6.2.jar
2020-06-03 17:33:36,919 [Worker-48] INFO  o.e.m.c.i.e.AbstractTransferListenerAdapter - Downloaded https://repo.spring.io/snapshot/org/junit/jupiter/junit-jupiter-api/5.6.2/junit-jupiter-api-5.6.2.jar
2020-06-03 17:33:37,673 [Worker-48] INFO  o.e.m.c.i.e.AbstractTransferListenerAdapter - Downloaded https://repo.spring.io/snapshot/org/junit/platform/junit-platform-commons/1.6.2/junit-platform-commons-1.6.2.jar
2020-06-03 17:33:38,619 [Worker-48] INFO  o.e.m.c.i.e.AbstractTransferListenerAdapter - Downloaded https://repo.spring.io/snapshot/org/junit/jupiter/junit-jupiter-params/5.6.2/junit-jupiter-params-5.6.2.jar
2020-06-03 17:33:42,920 [Worker-48] INFO  o.e.m.c.i.e.AbstractTransferListenerAdapter - Downloaded https://repo.spring.io/snapshot/org/junit/jupiter/junit-jupiter-engine/5.6.2/junit-jupiter-engine-5.6.2.jar
2020-06-03 17:33:43,697 [Worker-48] INFO  o.e.m.c.i.e.AbstractTransferListenerAdapter - Downloaded https://repo.spring.io/snapshot/org/junit/platform/junit-platform-engine/1.6.2/junit-platform-engine-1.6.2.jar
2020-06-03 17:33:44,414 [Worker-48] INFO  o.e.m.c.i.e.AbstractTransferListenerAdapter - Downloaded https://repo.spring.io/snapshot/org/mockito/mockito-core/3.3.3/mockito-core-3.3.3.jar
2020-06-03 17:33:45,398 [Worker-48] INFO  o.e.m.c.i.e.AbstractTransferListenerAdapter - Downloaded https://repo.spring.io/snapshot/org/mockito/mockito-junit-jupiter/3.3.3/mockito-junit-jupiter-3.3.3.jar
2020-06-03 17:33:46,084 [Worker-48] INFO  o.e.m.c.i.e.AbstractTransferListenerAdapter - Downloaded https://repo.spring.io/snapshot/org/xmlunit/xmlunit-core/2.7.0/xmlunit-core-2.7.0.jar
2020-06-03 17:33:46,366 [Worker-48] INFO  o.e.m.c.i.e.AbstractTransferListenerAdapter - Downloading https://repo.maven.apache.org/maven2/org/apache/logging/log4j/log4j-to-slf4j/2.13.2/log4j-to-slf4j-2.13.2.jar
2020-06-03 17:33:46,643 [Worker-48] INFO  o.e.m.c.i.e.AbstractTransferListenerAdapter - Downloaded https://repo.maven.apache.org/maven2/org/apache/logging/log4j/log4j-to-slf4j/2.13.2/log4j-to-slf4j-2.13.2.jar
2020-06-03 17:33:46,875 [Worker-48] INFO  o.e.m.c.i.e.AbstractTransferListenerAdapter - Downloading https://repo.maven.apache.org/maven2/org/apache/logging/log4j/log4j-api/2.13.2/log4j-api-2.13.2.jar
2020-06-03 17:33:48,505 [Worker-48] INFO  o.e.m.c.i.e.AbstractTransferListenerAdapter - Downloaded https://repo.maven.apache.org/maven2/org/apache/logging/log4j/log4j-api/2.13.2/log4j-api-2.13.2.jar
2020-06-03 17:33:48,747 [Worker-48] INFO  o.e.m.c.i.e.AbstractTransferListenerAdapter - Downloading https://repo.maven.apache.org/maven2/org/yaml/snakeyaml/1.26/snakeyaml-1.26.jar
2020-06-03 17:33:50,172 [Worker-48] INFO  o.e.m.c.i.e.AbstractTransferListenerAdapter - Downloaded https://repo.maven.apache.org/maven2/org/yaml/snakeyaml/1.26/snakeyaml-1.26.jar
2020-06-03 17:33:50,401 [Worker-48] INFO  o.e.m.c.i.e.AbstractTransferListenerAdapter - Downloading https://repo.maven.apache.org/maven2/com/fasterxml/jackson/core/jackson-databind/2.11.0/jackson-databind-2.11.0.jar
2020-06-03 17:33:53,447 [Worker-48] INFO  o.e.m.c.i.e.AbstractTransferListenerAdapter - Downloaded https://repo.maven.apache.org/maven2/com/fasterxml/jackson/core/jackson-databind/2.11.0/jackson-databind-2.11.0.jar
2020-06-03 17:33:53,676 [Worker-48] INFO  o.e.m.c.i.e.AbstractTransferListenerAdapter - Downloading https://repo.maven.apache.org/maven2/com/fasterxml/jackson/core/jackson-annotations/2.11.0/jackson-annotations-2.11.0.jar
2020-06-03 17:33:53,953 [Worker-48] INFO  o.e.m.c.i.e.AbstractTransferListenerAdapter - Downloaded https://repo.maven.apache.org/maven2/com/fasterxml/jackson/core/jackson-annotations/2.11.0/jackson-annotations-2.11.0.jar
2020-06-03 17:33:54,183 [Worker-48] INFO  o.e.m.c.i.e.AbstractTransferListenerAdapter - Downloading https://repo.maven.apache.org/maven2/com/fasterxml/jackson/core/jackson-core/2.11.0/jackson-core-2.11.0.jar
2020-06-03 17:33:54,800 [Worker-48] INFO  o.e.m.c.i.e.AbstractTransferListenerAdapter - Downloaded https://repo.maven.apache.org/maven2/com/fasterxml/jackson/core/jackson-core/2.11.0/jackson-core-2.11.0.jar
2020-06-03 17:33:55,044 [Worker-48] INFO  o.e.m.c.i.e.AbstractTransferListenerAdapter - Downloading https://repo.maven.apache.org/maven2/com/fasterxml/jackson/datatype/jackson-datatype-jdk8/2.11.0/jackson-datatype-jdk8-2.11.0.jar
2020-06-03 17:33:55,300 [Worker-48] INFO  o.e.m.c.i.e.AbstractTransferListenerAdapter - Downloaded https://repo.maven.apache.org/maven2/com/fasterxml/jackson/datatype/jackson-datatype-jdk8/2.11.0/jackson-datatype-jdk8-2.11.0.jar
2020-06-03 17:33:55,523 [Worker-48] INFO  o.e.m.c.i.e.AbstractTransferListenerAdapter - Downloading https://repo.maven.apache.org/maven2/com/fasterxml/jackson/datatype/jackson-datatype-jsr310/2.11.0/jackson-datatype-jsr310-2.11.0.jar
2020-06-03 17:33:55,842 [Worker-48] INFO  o.e.m.c.i.e.AbstractTransferListenerAdapter - Downloaded https://repo.maven.apache.org/maven2/com/fasterxml/jackson/datatype/jackson-datatype-jsr310/2.11.0/jackson-datatype-jsr310-2.11.0.jar
2020-06-03 17:33:56,089 [Worker-48] INFO  o.e.m.c.i.e.AbstractTransferListenerAdapter - Downloading https://repo.maven.apache.org/maven2/com/fasterxml/jackson/module/jackson-module-parameter-names/2.11.0/jackson-module-parameter-names-2.11.0.jar
2020-06-03 17:33:56,332 [Worker-48] INFO  o.e.m.c.i.e.AbstractTransferListenerAdapter - Downloaded https://repo.maven.apache.org/maven2/com/fasterxml/jackson/module/jackson-module-parameter-names/2.11.0/jackson-module-parameter-names-2.11.0.jar
2020-06-03 17:33:56,580 [Worker-48] INFO  o.e.m.c.i.e.AbstractTransferListenerAdapter - Downloading https://repo.maven.apache.org/maven2/org/apache/tomcat/embed/tomcat-embed-core/9.0.35/tomcat-embed-core-9.0.35.jar
2020-06-03 17:33:59,149 [Worker-48] INFO  o.e.m.c.i.e.AbstractTransferListenerAdapter - Downloaded https://repo.maven.apache.org/maven2/org/apache/tomcat/embed/tomcat-embed-core/9.0.35/tomcat-embed-core-9.0.35.jar
2020-06-03 17:33:59,382 [Worker-48] INFO  o.e.m.c.i.e.AbstractTransferListenerAdapter - Downloading https://repo.maven.apache.org/maven2/org/glassfish/jakarta.el/3.0.3/jakarta.el-3.0.3.jar
2020-06-03 17:33:59,703 [Worker-48] INFO  o.e.m.c.i.e.AbstractTransferListenerAdapter - Downloaded https://repo.maven.apache.org/maven2/org/glassfish/jakarta.el/3.0.3/jakarta.el-3.0.3.jar
2020-06-03 17:33:59,934 [Worker-48] INFO  o.e.m.c.i.e.AbstractTransferListenerAdapter - Downloading https://repo.maven.apache.org/maven2/org/apache/tomcat/embed/tomcat-embed-websocket/9.0.35/tomcat-embed-websocket-9.0.35.jar
2020-06-03 17:34:00,280 [Worker-48] INFO  o.e.m.c.i.e.AbstractTransferListenerAdapter - Downloaded https://repo.maven.apache.org/maven2/org/apache/tomcat/embed/tomcat-embed-websocket/9.0.35/tomcat-embed-websocket-9.0.35.jar
2020-06-03 17:34:00,525 [Worker-48] INFO  o.e.m.c.i.e.AbstractTransferListenerAdapter - Downloading https://repo.maven.apache.org/maven2/org/assertj/assertj-core/3.16.1/assertj-core-3.16.1.jar
2020-06-03 17:34:02,543 [Worker-48] INFO  o.e.m.c.i.e.AbstractTransferListenerAdapter - Downloaded https://repo.maven.apache.org/maven2/org/assertj/assertj-core/3.16.1/assertj-core-3.16.1.jar
2020-06-03 17:34:02,781 [Worker-48] INFO  o.e.m.c.i.e.AbstractTransferListenerAdapter - Downloading https://repo.maven.apache.org/maven2/org/hamcrest/hamcrest/2.2/hamcrest-2.2.jar
2020-06-03 17:34:03,100 [Worker-48] INFO  o.e.m.c.i.e.AbstractTransferListenerAdapter - Downloaded https://repo.maven.apache.org/maven2/org/hamcrest/hamcrest/2.2/hamcrest-2.2.jar
2020-06-03 17:34:03,536 [Worker-48] INFO  o.e.m.c.i.e.AbstractTransferListenerAdapter - Downloading https://repo.maven.apache.org/maven2/org/junit/jupiter/junit-jupiter/5.6.2/junit-jupiter-5.6.2.jar
2020-06-03 17:34:03,805 [Worker-48] INFO  o.e.m.c.i.e.AbstractTransferListenerAdapter - Downloaded https://repo.maven.apache.org/maven2/org/junit/jupiter/junit-jupiter/5.6.2/junit-jupiter-5.6.2.jar
2020-06-03 17:34:04,158 [Worker-48] INFO  o.e.m.c.i.e.AbstractTransferListenerAdapter - Downloading https://repo.maven.apache.org/maven2/org/junit/jupiter/junit-jupiter-api/5.6.2/junit-jupiter-api-5.6.2.jar
2020-06-03 17:34:04,732 [Worker-48] INFO  o.e.m.c.i.e.AbstractTransferListenerAdapter - Downloaded https://repo.maven.apache.org/maven2/org/junit/jupiter/junit-jupiter-api/5.6.2/junit-jupiter-api-5.6.2.jar
2020-06-03 17:34:04,956 [Worker-48] INFO  o.e.m.c.i.e.AbstractTransferListenerAdapter - Downloading https://repo.maven.apache.org/maven2/org/junit/platform/junit-platform-commons/1.6.2/junit-platform-commons-1.6.2.jar
2020-06-03 17:34:05,251 [Worker-48] INFO  o.e.m.c.i.e.AbstractTransferListenerAdapter - Downloaded https://repo.maven.apache.org/maven2/org/junit/platform/junit-platform-commons/1.6.2/junit-platform-commons-1.6.2.jar
2020-06-03 17:34:05,475 [Worker-48] INFO  o.e.m.c.i.e.AbstractTransferListenerAdapter - Downloading https://repo.maven.apache.org/maven2/org/junit/jupiter/junit-jupiter-params/5.6.2/junit-jupiter-params-5.6.2.jar
2020-06-03 17:34:05,899 [Worker-48] INFO  o.e.m.c.i.e.AbstractTransferListenerAdapter - Downloaded https://repo.maven.apache.org/maven2/org/junit/jupiter/junit-jupiter-params/5.6.2/junit-jupiter-params-5.6.2.jar
2020-06-03 17:34:06,144 [Worker-48] INFO  o.e.m.c.i.e.AbstractTransferListenerAdapter - Downloading https://repo.maven.apache.org/maven2/org/junit/jupiter/junit-jupiter-engine/5.6.2/junit-jupiter-engine-5.6.2.jar
2020-06-03 17:34:06,425 [Worker-48] INFO  o.e.m.c.i.e.AbstractTransferListenerAdapter - Downloaded https://repo.maven.apache.org/maven2/org/junit/jupiter/junit-jupiter-engine/5.6.2/junit-jupiter-engine-5.6.2.jar
2020-06-03 17:34:06,655 [Worker-48] INFO  o.e.m.c.i.e.AbstractTransferListenerAdapter - Downloading https://repo.maven.apache.org/maven2/org/junit/platform/junit-platform-engine/1.6.2/junit-platform-engine-1.6.2.jar
2020-06-03 17:34:06,929 [Worker-48] INFO  o.e.m.c.i.e.AbstractTransferListenerAdapter - Downloaded https://repo.maven.apache.org/maven2/org/junit/platform/junit-platform-engine/1.6.2/junit-platform-engine-1.6.2.jar
2020-06-03 17:34:07,171 [Worker-48] INFO  o.e.m.c.i.e.AbstractTransferListenerAdapter - Downloading https://repo.maven.apache.org/maven2/org/mockito/mockito-core/3.3.3/mockito-core-3.3.3.jar
2020-06-03 17:34:07,555 [Worker-48] INFO  o.e.m.c.i.e.AbstractTransferListenerAdapter - Downloaded https://repo.maven.apache.org/maven2/org/mockito/mockito-core/3.3.3/mockito-core-3.3.3.jar
2020-06-03 17:34:07,794 [Worker-48] INFO  o.e.m.c.i.e.AbstractTransferListenerAdapter - Downloading https://repo.maven.apache.org/maven2/org/mockito/mockito-junit-jupiter/3.3.3/mockito-junit-jupiter-3.3.3.jar
2020-06-03 17:34:08,172 [Worker-48] INFO  o.e.m.c.i.e.AbstractTransferListenerAdapter - Downloaded https://repo.maven.apache.org/maven2/org/mockito/mockito-junit-jupiter/3.3.3/mockito-junit-jupiter-3.3.3.jar
2020-06-03 17:34:08,413 [Worker-48] INFO  o.e.m.c.i.e.AbstractTransferListenerAdapter - Downloading https://repo.maven.apache.org/maven2/org/xmlunit/xmlunit-core/2.7.0/xmlunit-core-2.7.0.jar
2020-06-03 17:34:08,669 [Worker-48] INFO  o.e.m.c.i.e.AbstractTransferListenerAdapter - Downloaded https://repo.maven.apache.org/maven2/org/xmlunit/xmlunit-core/2.7.0/xmlunit-core-2.7.0.jar
2020-06-03 17:34:09,767 [Worker-48] INFO  o.e.m.c.i.e.AbstractTransferListenerAdapter - Downloaded https://repo.spring.io/milestone/org/apache/maven/plugins/maven-jar-plugin/3.2.0/maven-jar-plugin-3.2.0.pom
2020-06-03 17:34:10,574 [Worker-48] INFO  o.e.m.c.i.e.AbstractTransferListenerAdapter - Downloaded https://repo.spring.io/snapshot/org/apache/maven/plugins/maven-jar-plugin/3.2.0/maven-jar-plugin-3.2.0.pom
2020-06-03 17:34:10,814 [Worker-48] INFO  o.e.m.c.i.e.AbstractTransferListenerAdapter - Downloading https://repo.maven.apache.org/maven2/org/apache/maven/plugins/maven-jar-plugin/3.2.0/maven-jar-plugin-3.2.0.pom
2020-06-03 17:34:11,045 [Worker-48] INFO  o.e.m.c.i.e.AbstractTransferListenerAdapter - Downloaded https://repo.maven.apache.org/maven2/org/apache/maven/plugins/maven-jar-plugin/3.2.0/maven-jar-plugin-3.2.0.pom
2020-06-03 17:34:11,926 [Worker-48] INFO  o.e.m.c.i.e.AbstractTransferListenerAdapter - Downloaded https://repo.spring.io/milestone/org/apache/maven/maven-archiver/3.5.0/maven-archiver-3.5.0.pom
2020-06-03 17:34:12,698 [Worker-48] INFO  o.e.m.c.i.e.AbstractTransferListenerAdapter - Downloaded https://repo.spring.io/snapshot/org/apache/maven/maven-archiver/3.5.0/maven-archiver-3.5.0.pom
2020-06-03 17:34:12,935 [Worker-48] INFO  o.e.m.c.i.e.AbstractTransferListenerAdapter - Downloading https://repo.maven.apache.org/maven2/org/apache/maven/maven-archiver/3.5.0/maven-archiver-3.5.0.pom
2020-06-03 17:34:13,178 [Worker-48] INFO  o.e.m.c.i.e.AbstractTransferListenerAdapter - Downloaded https://repo.maven.apache.org/maven2/org/apache/maven/maven-archiver/3.5.0/maven-archiver-3.5.0.pom
2020-06-03 17:34:13,995 [Worker-48] INFO  o.e.m.c.i.e.AbstractTransferListenerAdapter - Downloaded https://repo.spring.io/milestone/org/codehaus/plexus/plexus-archiver/4.2.0/plexus-archiver-4.2.0.pom
2020-06-03 17:34:14,683 [Worker-48] INFO  o.e.m.c.i.e.AbstractTransferListenerAdapter - Downloaded https://repo.spring.io/snapshot/org/codehaus/plexus/plexus-archiver/4.2.0/plexus-archiver-4.2.0.pom
2020-06-03 17:34:14,976 [Worker-48] INFO  o.e.m.c.i.e.AbstractTransferListenerAdapter - Downloading https://repo.maven.apache.org/maven2/org/codehaus/plexus/plexus-archiver/4.2.0/plexus-archiver-4.2.0.pom
2020-06-03 17:34:15,384 [Worker-48] INFO  o.e.m.c.i.e.AbstractTransferListenerAdapter - Downloaded https://repo.maven.apache.org/maven2/org/codehaus/plexus/plexus-archiver/4.2.0/plexus-archiver-4.2.0.pom
2020-06-03 17:34:16,068 [Worker-48] INFO  o.e.m.c.i.e.AbstractTransferListenerAdapter - Downloaded https://repo.spring.io/milestone/org/codehaus/plexus/plexus-io/3.2.0/plexus-io-3.2.0.pom
2020-06-03 17:34:17,062 [Worker-48] INFO  o.e.m.c.i.e.AbstractTransferListenerAdapter - Downloaded https://repo.spring.io/snapshot/org/codehaus/plexus/plexus-io/3.2.0/plexus-io-3.2.0.pom
2020-06-03 17:34:17,541 [Worker-48] INFO  o.e.m.c.i.e.AbstractTransferListenerAdapter - Downloading https://repo.maven.apache.org/maven2/org/codehaus/plexus/plexus-io/3.2.0/plexus-io-3.2.0.pom
2020-06-03 17:34:17,896 [Worker-48] INFO  o.e.m.c.i.e.AbstractTransferListenerAdapter - Downloaded https://repo.maven.apache.org/maven2/org/codehaus/plexus/plexus-io/3.2.0/plexus-io-3.2.0.pom
2020-06-03 17:34:18,906 [Worker-48] INFO  o.e.m.c.i.e.AbstractTransferListenerAdapter - Downloaded https://repo.spring.io/milestone/org/codehaus/plexus/plexus-archiver/4.2.1/plexus-archiver-4.2.1.pom
2020-06-03 17:34:19,928 [Worker-48] INFO  o.e.m.c.i.e.AbstractTransferListenerAdapter - Downloaded https://repo.spring.io/snapshot/org/codehaus/plexus/plexus-archiver/4.2.1/plexus-archiver-4.2.1.pom
2020-06-03 17:34:20,542 [Worker-48] INFO  o.e.m.c.i.e.AbstractTransferListenerAdapter - Downloading https://repo.maven.apache.org/maven2/org/codehaus/plexus/plexus-archiver/4.2.1/plexus-archiver-4.2.1.pom
2020-06-03 17:34:21,158 [Worker-48] INFO  o.e.m.c.i.e.AbstractTransferListenerAdapter - Downloaded https://repo.maven.apache.org/maven2/org/codehaus/plexus/plexus-archiver/4.2.1/plexus-archiver-4.2.1.pom
2020-06-03 17:34:22,094 [Worker-48] INFO  o.e.m.c.i.e.AbstractTransferListenerAdapter - Downloaded https://repo.spring.io/milestone/org/apache/maven/maven-archiver/3.5.0/maven-archiver-3.5.0.jar
2020-06-03 17:34:22,897 [Worker-48] INFO  o.e.m.c.i.e.AbstractTransferListenerAdapter - Downloaded https://repo.spring.io/milestone/org/codehaus/plexus/plexus-archiver/4.2.1/plexus-archiver-4.2.1.jar
2020-06-03 17:34:23,717 [Worker-48] INFO  o.e.m.c.i.e.AbstractTransferListenerAdapter - Downloaded https://repo.spring.io/milestone/org/codehaus/plexus/plexus-io/3.2.0/plexus-io-3.2.0.jar
2020-06-03 17:34:24,640 [Worker-48] INFO  o.e.m.c.i.e.AbstractTransferListenerAdapter - Downloaded https://repo.spring.io/milestone/org/codehaus/plexus/plexus-utils/3.3.0/plexus-utils-3.3.0.jar
2020-06-03 17:34:25,662 [Worker-48] INFO  o.e.m.c.i.e.AbstractTransferListenerAdapter - Downloaded https://repo.spring.io/snapshot/org/apache/maven/maven-archiver/3.5.0/maven-archiver-3.5.0.jar
2020-06-03 17:34:26,599 [Worker-48] INFO  o.e.m.c.i.e.AbstractTransferListenerAdapter - Downloaded https://repo.spring.io/snapshot/org/codehaus/plexus/plexus-archiver/4.2.1/plexus-archiver-4.2.1.jar
2020-06-03 17:34:27,783 [Worker-48] INFO  o.e.m.c.i.e.AbstractTransferListenerAdapter - Downloaded https://repo.spring.io/snapshot/org/codehaus/plexus/plexus-io/3.2.0/plexus-io-3.2.0.jar
2020-06-03 17:34:28,837 [Worker-48] INFO  o.e.m.c.i.e.AbstractTransferListenerAdapter - Downloaded https://repo.spring.io/snapshot/org/codehaus/plexus/plexus-utils/3.3.0/plexus-utils-3.3.0.jar
2020-06-03 17:34:29,451 [Worker-48] INFO  o.e.m.c.i.e.AbstractTransferListenerAdapter - Downloading https://repo.maven.apache.org/maven2/org/apache/maven/maven-archiver/3.5.0/maven-archiver-3.5.0.jar
2020-06-03 17:34:29,760 [Worker-48] INFO  o.e.m.c.i.e.AbstractTransferListenerAdapter - Downloaded https://repo.maven.apache.org/maven2/org/apache/maven/maven-archiver/3.5.0/maven-archiver-3.5.0.jar
2020-06-03 17:34:30,066 [Worker-48] INFO  o.e.m.c.i.e.AbstractTransferListenerAdapter - Downloading https://repo.maven.apache.org/maven2/org/codehaus/plexus/plexus-archiver/4.2.1/plexus-archiver-4.2.1.jar
2020-06-03 17:34:30,664 [Worker-48] INFO  o.e.m.c.i.e.AbstractTransferListenerAdapter - Downloaded https://repo.maven.apache.org/maven2/org/codehaus/plexus/plexus-archiver/4.2.1/plexus-archiver-4.2.1.jar
2020-06-03 17:34:31,104 [Worker-48] INFO  o.e.m.c.i.e.AbstractTransferListenerAdapter - Downloading https://repo.maven.apache.org/maven2/org/codehaus/plexus/plexus-io/3.2.0/plexus-io-3.2.0.jar
2020-06-03 17:34:31,623 [Worker-48] INFO  o.e.m.c.i.e.AbstractTransferListenerAdapter - Downloaded https://repo.maven.apache.org/maven2/org/codehaus/plexus/plexus-io/3.2.0/plexus-io-3.2.0.jar
2020-06-03 17:34:32,013 [Worker-48] INFO  o.e.m.c.i.e.AbstractTransferListenerAdapter - Downloading https://repo.maven.apache.org/maven2/org/codehaus/plexus/plexus-utils/3.3.0/plexus-utils-3.3.0.jar
2020-06-03 17:34:32,629 [Worker-48] INFO  o.e.m.c.i.e.AbstractTransferListenerAdapter - Downloaded https://repo.maven.apache.org/maven2/org/codehaus/plexus/plexus-utils/3.3.0/plexus-utils-3.3.0.jar
2020-06-03 17:34:33,072 [Worker-48] INFO  o.e.m.j.i.AbstractJavaProjectConfigurator - Adding source folder /backendai/src/main/java
2020-06-03 17:34:33,072 [Worker-48] INFO  o.e.m.j.i.AbstractJavaProjectConfigurator - Adding resource folder /backendai/src/main/resources
2020-06-03 17:34:33,075 [Worker-48] INFO  o.e.m.j.i.AbstractJavaProjectConfigurator - Adding resource folder /backendai/src/main/resources
2020-06-03 17:34:33,077 [Worker-48] INFO  o.e.m.j.i.AbstractJavaProjectConfigurator - Adding source folder /backendai/src/test/java
2020-06-03 17:34:33,353 [Worker-48] INFO  o.e.m.c.i.p.ProjectConfigurationManager - Imported and configured 1 project(s) in 295 sec
2020-06-03 17:34:34,739 [Worker-30] INFO  o.e.m.c.i.embedder.EclipseLogger - Using 'UTF-8' encoding to copy filtered resources.
2020-06-03 17:34:34,746 [Worker-30] INFO  o.e.m.c.i.embedder.EclipseLogger - Copying 1 resource
2020-06-03 17:34:34,759 [Worker-30] INFO  o.e.m.c.i.embedder.EclipseLogger - Copying 0 resource
2020-06-03 17:34:34,763 [Worker-30] INFO  o.e.m.c.i.embedder.EclipseLogger - Using 'UTF-8' encoding to copy filtered resources.
2020-06-03 17:34:34,763 [Worker-30] INFO  o.e.m.c.i.embedder.EclipseLogger - skip non existing resourceDirectory /Users/astislam/Documents/enrichAI/backendai/src/test/resources
2020-06-03 19:37:08,133 [Worker-2] INFO  o.e.m.c.i.embedder.EclipseLogger - Using 'UTF-8' encoding to copy filtered resources.
2020-06-03 19:37:08,141 [Worker-2] INFO  o.e.m.c.i.embedder.EclipseLogger - Copying 1 resource
2020-06-03 19:37:08,155 [Worker-2] INFO  o.e.m.c.i.embedder.EclipseLogger - Copying 0 resource
2020-06-03 19:37:08,159 [Worker-2] INFO  o.e.m.c.i.embedder.EclipseLogger - Using 'UTF-8' encoding to copy filtered resources.
2020-06-03 19:37:08,160 [Worker-2] INFO  o.e.m.c.i.embedder.EclipseLogger - skip non existing resourceDirectory /Users/astislam/Documents/enrichAI/backendai/src/test/resources
2020-06-03 19:37:35,337 [Worker-103] INFO  o.e.m.c.i.embedder.EclipseLogger - Using 'UTF-8' encoding to copy filtered resources.
2020-06-03 19:37:35,339 [Worker-103] INFO  o.e.m.c.i.embedder.EclipseLogger - Copying 0 resource
2020-06-03 19:37:35,339 [Worker-103] INFO  o.e.m.c.i.embedder.EclipseLogger - Copying 0 resource
2020-06-03 19:37:35,341 [Worker-103] INFO  o.e.m.c.i.embedder.EclipseLogger - Using 'UTF-8' encoding to copy filtered resources.
2020-06-03 19:37:35,341 [Worker-103] INFO  o.e.m.c.i.embedder.EclipseLogger - skip non existing resourceDirectory /Users/astislam/Documents/enrichAI/backendai/src/test/resources
